#
# There is insufficient memory for the Java Runtime Environment to continue.
# Native memory allocation (malloc) failed to allocate 1048576 bytes. Error detail: AllocateHeap
# Possible reasons:
#   The system is out of physical RAM or swap space
#   This process is running with CompressedOops enabled, and the Java Heap may be blocking the growth of the native heap
# Possible solutions:
#   Reduce memory load on the system
#   Increase physical memory or swap space
#   Check if swap backing store is full
#   Decrease Java heap size (-Xmx/-Xms)
#   Decrease number of Java threads
#   Decrease Java thread stack sizes (-Xss)
#   Set larger code cache with -XX:ReservedCodeCacheSize=
#   JVM is running with Unscaled Compressed Oops mode in which the Java heap is
#     placed in the first 4GB address space. The Java Heap base address is the
#     maximum limit for the native heap growth. Please use -XX:HeapBaseMinAddress
#     to set the Java Heap base and to place the Java Heap above 4GB virtual address.
# This output file may be truncated or incomplete.
#
#  Out of Memory Error (allocation.cpp:44), pid=24868, tid=8036
#
# JRE version: OpenJDK Runtime Environment Temurin-21.0.8+9 (21.0.8+9) (build 21.0.8+9-LTS)
# Java VM: OpenJDK 64-Bit Server VM Temurin-21.0.8+9 (21.0.8+9-LTS, mixed mode, sharing, tiered, compressed oops, compressed class ptrs, parallel gc, windows-amd64)
# No core dump will be written. Minidumps are not enabled by default on client versions of Windows
#

---------------  S U M M A R Y ------------

Command Line: --add-modules=ALL-SYSTEM --add-opens=java.base/java.util=ALL-UNNAMED --add-opens=java.base/java.lang=ALL-UNNAMED --add-opens=java.base/sun.nio.fs=ALL-UNNAMED -Declipse.application=org.eclipse.jdt.ls.core.id1 -Dosgi.bundles.defaultStartLevel=4 -Declipse.product=org.eclipse.jdt.ls.core.product -Djava.import.generatesMetadataFilesAtProjectRoot=false -DDetectVMInstallationsJob.disabled=true -Dfile.encoding=utf8 -XX:+UseParallelGC -XX:GCTimeRatio=4 -XX:AdaptiveSizePolicyWeight=90 -Dsun.zip.disableMemoryMapping=true -Xmx2G -Xms100m -Xlog:disable -javaagent:c:\Users\78747\.vscode\extensions\redhat.java-1.47.0-win32-x64\lombok\lombok-1.18.39-4050.jar -XX:+HeapDumpOnOutOfMemoryError -XX:HeapDumpPath=c:\Users\78747\AppData\Roaming\Code\User\workspaceStorage\fbbe36b2f05f1eb0dd4d66b2b1bc10ba\redhat.java -Daether.dependencyCollector.impl=bf c:\Users\78747\.vscode\extensions\redhat.java-1.47.0-win32-x64\server\plugins\org.eclipse.equinox.launcher_1.7.100.v20251014-1222.jar -configuration c:\Users\78747\AppData\Roaming\Code\User\globalStorage\redhat.java\1.47.0\config_win -data c:\Users\78747\AppData\Roaming\Code\User\workspaceStorage\fbbe36b2f05f1eb0dd4d66b2b1bc10ba\redhat.java\jdt_ws --pipe=\\.\pipe\lsp-96d497b9098a365e0b88435547a3dd82-sock

Host: Intel(R) Core(TM) i5-10300H CPU @ 2.50GHz, 8 cores, 7G,  Windows 11 , 64 bit Build 26100 (10.0.26100.7019)
Time: Sun Dec 14 16:38:52 2025 India Standard Time elapsed time: 98.905750 seconds (0d 0h 1m 38s)

---------------  T H R E A D  ---------------

Current thread (0x00000268add45db0):  JavaThread "Attach Listener" daemon [_thread_in_vm, id=8036, stack(0x0000007ce6b00000,0x0000007ce6c00000) (1024K)]

Stack: [0x0000007ce6b00000,0x0000007ce6c00000]
Native frames: (J=compiled Java code, j=interpreted, Vv=VM code, C=native code)
V  [jvm.dll+0x6d2449]
V  [jvm.dll+0x8ae341]
V  [jvm.dll+0x8b08be]
V  [jvm.dll+0x8b0fa3]
V  [jvm.dll+0x280c96]
V  [jvm.dll+0xc0347]
V  [jvm.dll+0x6d2cf9]
V  [jvm.dll+0x131116]
V  [jvm.dll+0x3f2d16]
V  [jvm.dll+0x857e6b]
V  [jvm.dll+0x6d0b0d]
C  [ucrtbase.dll+0x37b0]
C  [KERNEL32.DLL+0x2e8d7]
C  [ntdll.dll+0x8c53c]


---------------  P R O C E S S  ---------------

Threads class SMR info:
_java_thread_list=0x000002691133d6b0, length=60, elements={
0x00000268addd0010, 0x00000268add3f030, 0x00000268add41600, 0x00000268add45160,
0x00000268add45db0, 0x00000268add4bfd0, 0x00000268add4f1d0, 0x00000268add7c250,
0x0000026907113e30, 0x00000269071ef920, 0x0000026907489b20, 0x0000026907bc1470,
0x000002690795c810, 0x0000026907ab8c80, 0x000002690c068210, 0x000002690c23c0a0,
0x000002690c300ec0, 0x0000026907c062f0, 0x0000026907c03b90, 0x0000026907c03500,
0x0000026907c04220, 0x0000026907c04f40, 0x0000026907c055d0, 0x0000026907c05c60,
0x000002690de06130, 0x000002690de08200, 0x000002690de08890, 0x000002690de09c40,
0x000002690de08f20, 0x000002690de095b0, 0x000002690de074e0, 0x000002690de07b70,
0x000002690de067c0, 0x000002690de0a2d0, 0x000002690de06e50, 0x000002690de0c3a0,
0x000002690de0ca30, 0x000002690de0a960, 0x000002690de0d0c0, 0x000002690de0b680,
0x000002690de0aff0, 0x000002690efc7520, 0x000002690efc7bb0, 0x000002690efc9c80,
0x000002690efca9a0, 0x000002690efcb6c0, 0x000002690efcca70, 0x000002690efce4b0,
0x0000026910c0bdb0, 0x0000026910c0d160, 0x0000026910c0a370, 0x0000026910c0de80,
0x0000026910c0d7f0, 0x0000026910c0e510, 0x0000026910c0eba0, 0x0000026910c0b720,
0x0000026910c105e0, 0x0000026910c10c70, 0x0000026910c11300, 0x0000026910c0ff50
}

Java Threads: ( => current thread )
  0x00000268addd0010 JavaThread "main"                              [_thread_blocked, id=9236, stack(0x0000007ce6400000,0x0000007ce6500000) (1024K)]
  0x00000268add3f030 JavaThread "Reference Handler"          daemon [_thread_blocked, id=23828, stack(0x0000007ce6800000,0x0000007ce6900000) (1024K)]
  0x00000268add41600 JavaThread "Finalizer"                  daemon [_thread_blocked, id=5852, stack(0x0000007ce6900000,0x0000007ce6a00000) (1024K)]
  0x00000268add45160 JavaThread "Signal Dispatcher"          daemon [_thread_blocked, id=21416, stack(0x0000007ce6a00000,0x0000007ce6b00000) (1024K)]
=>0x00000268add45db0 JavaThread "Attach Listener"            daemon [_thread_in_vm, id=8036, stack(0x0000007ce6b00000,0x0000007ce6c00000) (1024K)]
  0x00000268add4bfd0 JavaThread "Service Thread"             daemon [_thread_blocked, id=13204, stack(0x0000007ce6c00000,0x0000007ce6d00000) (1024K)]
  0x00000268add4f1d0 JavaThread "Monitor Deflation Thread"   daemon [_thread_blocked, id=17728, stack(0x0000007ce6d00000,0x0000007ce6e00000) (1024K)]
  0x00000268add7c250 JavaThread "C2 CompilerThread0"         daemon [_thread_blocked, id=17808, stack(0x0000007ce6e00000,0x0000007ce6f00000) (1024K)]
  0x0000026907113e30 JavaThread "C1 CompilerThread0"         daemon [_thread_blocked, id=12360, stack(0x0000007ce6f00000,0x0000007ce7000000) (1024K)]
  0x00000269071ef920 JavaThread "Common-Cleaner"             daemon [_thread_blocked, id=4924, stack(0x0000007ce7000000,0x0000007ce7100000) (1024K)]
  0x0000026907489b20 JavaThread "Notification Thread"        daemon [_thread_blocked, id=22976, stack(0x0000007ce7100000,0x0000007ce7200000) (1024K)]
  0x0000026907bc1470 JavaThread "Active Thread: Equinox Container: fb34c55e-281d-42c5-b5fc-3ca0fbc18d92"        [_thread_blocked, id=16948, stack(0x0000007ce7800000,0x0000007ce7900000) (1024K)]
  0x000002690795c810 JavaThread "Refresh Thread: Equinox Container: fb34c55e-281d-42c5-b5fc-3ca0fbc18d92" daemon [_thread_blocked, id=22536, stack(0x0000007ce7a00000,0x0000007ce7b00000) (1024K)]
  0x0000026907ab8c80 JavaThread "Framework Event Dispatcher: Equinox Container: fb34c55e-281d-42c5-b5fc-3ca0fbc18d92" daemon [_thread_blocked, id=16136, stack(0x0000007ce7b00000,0x0000007ce7c00000) (1024K)]
  0x000002690c068210 JavaThread "Start Level: Equinox Container: fb34c55e-281d-42c5-b5fc-3ca0fbc18d92" daemon [_thread_blocked, id=12032, stack(0x0000007ce7c00000,0x0000007ce7d00000) (1024K)]
  0x000002690c23c0a0 JavaThread "Bundle File Closer"         daemon [_thread_blocked, id=19768, stack(0x0000007ce7e00000,0x0000007ce7f00000) (1024K)]
  0x000002690c300ec0 JavaThread "SCR Component Actor"        daemon [_thread_blocked, id=5424, stack(0x0000007ce7f00000,0x0000007ce8000000) (1024K)]
  0x0000026907c062f0 JavaThread "Worker-JM"                         [_thread_blocked, id=17708, stack(0x0000007ce8000000,0x0000007ce8100000) (1024K)]
  0x0000026907c03b90 JavaThread "JNA Cleaner"                daemon [_thread_blocked, id=13696, stack(0x0000007ce7d00000,0x0000007ce7e00000) (1024K)]
  0x0000026907c03500 JavaThread "Worker-0"                          [_thread_blocked, id=25928, stack(0x0000007ce8200000,0x0000007ce8300000) (1024K)]
  0x0000026907c04220 JavaThread "Worker-1: Refreshing workspace"        [_thread_blocked, id=11036, stack(0x0000007ce8300000,0x0000007ce8400000) (1024K)]
  0x0000026907c04f40 JavaThread "Worker-2"                          [_thread_blocked, id=20768, stack(0x0000007ce8400000,0x0000007ce8500000) (1024K)]
  0x0000026907c055d0 JavaThread "Java indexing"              daemon [_thread_blocked, id=21196, stack(0x0000007ce8500000,0x0000007ce8600000) (1024K)]
  0x0000026907c05c60 JavaThread "Worker-3"                          [_thread_blocked, id=3700, stack(0x0000007ce8600000,0x0000007ce8700000) (1024K)]
  0x000002690de06130 JavaThread "Worker-4: Initialize workspace"        [_thread_blocked, id=15428, stack(0x0000007ce8700000,0x0000007ce8800000) (1024K)]
  0x000002690de08200 JavaThread "Worker-5: Synchronize Gradle projects with workspace"        [_thread_blocked, id=24028, stack(0x0000007ce8a00000,0x0000007ce8b00000) (1024K)]
  0x000002690de08890 JavaThread "Worker-6"                          [_thread_blocked, id=17832, stack(0x0000007ce8b00000,0x0000007ce8c00000) (1024K)]
  0x000002690de09c40 JavaThread "Thread-1"                   daemon [_thread_in_native, id=5824, stack(0x0000007ce8c00000,0x0000007ce8d00000) (1024K)]
  0x000002690de08f20 JavaThread "Thread-2"                   daemon [_thread_in_native, id=7320, stack(0x0000007ce8d00000,0x0000007ce8e00000) (1024K)]
  0x000002690de095b0 JavaThread "Thread-3"                   daemon [_thread_in_native, id=16896, stack(0x0000007ce8e00000,0x0000007ce8f00000) (1024K)]
  0x000002690de074e0 JavaThread "Thread-4"                   daemon [_thread_in_native, id=25212, stack(0x0000007ce8f00000,0x0000007ce9000000) (1024K)]
  0x000002690de07b70 JavaThread "Thread-5"                   daemon [_thread_in_native, id=22104, stack(0x0000007ce9000000,0x0000007ce9100000) (1024K)]
  0x000002690de067c0 JavaThread "Thread-6"                   daemon [_thread_in_native, id=11508, stack(0x0000007ce9100000,0x0000007ce9200000) (1024K)]
  0x000002690de0a2d0 JavaThread "Thread-7"                   daemon [_thread_in_native, id=26420, stack(0x0000007ce9200000,0x0000007ce9300000) (1024K)]
  0x000002690de06e50 JavaThread "Thread-8"                   daemon [_thread_in_native, id=9508, stack(0x0000007ce9300000,0x0000007ce9400000) (1024K)]
  0x000002690de0c3a0 JavaThread "Thread-9"                   daemon [_thread_in_native, id=8400, stack(0x0000007ce9400000,0x0000007ce9500000) (1024K)]
  0x000002690de0ca30 JavaThread "pool-2-thread-1"                   [_thread_blocked, id=22112, stack(0x0000007ce9500000,0x0000007ce9600000) (1024K)]
  0x000002690de0a960 JavaThread "Timer-0"                           [_thread_blocked, id=18744, stack(0x0000007ce9600000,0x0000007ce9700000) (1024K)]
  0x000002690de0d0c0 JavaThread "WorkspaceEventsHandler"            [_thread_blocked, id=1208, stack(0x0000007ce9700000,0x0000007ce9800000) (1024K)]
  0x000002690de0b680 JavaThread "pool-1-thread-1"                   [_thread_blocked, id=10560, stack(0x0000007ce9800000,0x0000007ce9900000) (1024K)]
  0x000002690de0aff0 JavaThread "Timer-1"                           [_thread_blocked, id=13004, stack(0x0000007ce9900000,0x0000007ce9a00000) (1024K)]
  0x000002690efc7520 JavaThread "Timer-2"                           [_thread_blocked, id=21684, stack(0x0000007ce9b00000,0x0000007ce9c00000) (1024K)]
  0x000002690efc7bb0 JavaThread "Timer-3"                           [_thread_blocked, id=25868, stack(0x0000007ce9a00000,0x0000007ce9b00000) (1024K)]
  0x000002690efc9c80 JavaThread "Timer-4"                           [_thread_blocked, id=17652, stack(0x0000007ce9c00000,0x0000007ce9d00000) (1024K)]
  0x000002690efca9a0 JavaThread "Timer-5"                           [_thread_blocked, id=10792, stack(0x0000007ce9d00000,0x0000007ce9e00000) (1024K)]
  0x000002690efcb6c0 JavaThread "Timer-6"                           [_thread_blocked, id=18424, stack(0x0000007ce9e00000,0x0000007ce9f00000) (1024K)]
  0x000002690efcca70 JavaThread "Timer-7"                           [_thread_blocked, id=15416, stack(0x0000007ce9f00000,0x0000007cea000000) (1024K)]
  0x000002690efce4b0 JavaThread "Exec process"                      [_thread_blocked, id=18564, stack(0x0000007cea200000,0x0000007cea300000) (1024K)]
  0x0000026910c0bdb0 JavaThread "Exec process Thread 2"             [_thread_blocked, id=12868, stack(0x0000007cea300000,0x0000007cea400000) (1024K)]
  0x0000026910c0d160 JavaThread "Exec process Thread 3"             [_thread_blocked, id=13328, stack(0x0000007cea400000,0x0000007cea500000) (1024K)]
  0x0000026910c0a370 JavaThread "Timer-8"                           [_thread_blocked, id=2616, stack(0x0000007ce6300000,0x0000007ce6400000) (1024K)]
  0x0000026910c0de80 JavaThread "Timer-9"                           [_thread_blocked, id=16704, stack(0x0000007ce8100000,0x0000007ce8200000) (1024K)]
  0x0000026910c0d7f0 JavaThread "ForkJoinPool.commonPool-worker-1" daemon [_thread_blocked, id=2464, stack(0x0000007cea100000,0x0000007cea200000) (1024K)]
  0x0000026910c0e510 JavaThread "ForkJoinPool.commonPool-worker-2" daemon [_thread_blocked, id=22212, stack(0x0000007cea600000,0x0000007cea700000) (1024K)]
  0x0000026910c0eba0 JavaThread "ForkJoinPool.commonPool-worker-3" daemon [_thread_blocked, id=20232, stack(0x0000007cea700000,0x0000007cea800000) (1024K)]
  0x0000026910c0b720 JavaThread "ForkJoinPool.commonPool-worker-4" daemon [_thread_blocked, id=3096, stack(0x0000007cea800000,0x0000007cea900000) (1024K)]
  0x0000026910c105e0 JavaThread "Timer-10"                          [_thread_blocked, id=24660, stack(0x0000007cea900000,0x0000007ceaa00000) (1024K)]
  0x0000026910c10c70 JavaThread "Timer-11"                          [_thread_blocked, id=22120, stack(0x0000007ce6200000,0x0000007ce6300000) (1024K)]
  0x0000026910c11300 JavaThread "Connection worker"                 [_thread_in_native, id=8556, stack(0x0000007cea000000,0x0000007cea100000) (1024K)]
  0x0000026910c0ff50 JavaThread "pool-5-thread-1"                   [_thread_blocked, id=23532, stack(0x0000007ceab00000,0x0000007ceac00000) (1024K)]
Total: 60

Other Threads:
  0x00000268add224b0 VMThread "VM Thread"                           [id=10924, stack(0x0000007ce6700000,0x0000007ce6800000) (1024K)]
  0x00000268adc5c210 WatcherThread "VM Periodic Task Thread"        [id=8588, stack(0x0000007ce6600000,0x0000007ce6700000) (1024K)]
  0x00000268added350 WorkerThread "GC Thread#0"                     [id=7612, stack(0x0000007ce6500000,0x0000007ce6600000) (1024K)]
  0x000002690746e490 WorkerThread "GC Thread#1"                     [id=2784, stack(0x0000007ce7200000,0x0000007ce7300000) (1024K)]
  0x000002690745d030 WorkerThread "GC Thread#2"                     [id=21800, stack(0x0000007ce7300000,0x0000007ce7400000) (1024K)]
  0x000002690745d7e0 WorkerThread "GC Thread#3"                     [id=14080, stack(0x0000007ce7400000,0x0000007ce7500000) (1024K)]
  0x000002690745db80 WorkerThread "GC Thread#4"                     [id=19308, stack(0x0000007ce7500000,0x0000007ce7600000) (1024K)]
  0x000002690745e740 WorkerThread "GC Thread#5"                     [id=18600, stack(0x0000007ce7600000,0x0000007ce7700000) (1024K)]
  0x00000269078826c0 WorkerThread "GC Thread#6"                     [id=9120, stack(0x0000007ce7700000,0x0000007ce7800000) (1024K)]
  0x0000026907883540 WorkerThread "GC Thread#7"                     [id=9228, stack(0x0000007ce7900000,0x0000007ce7a00000) (1024K)]
Total: 10

Threads with active compile tasks:
Total: 0

VM state: not at safepoint (normal execution)

VM Mutex/Monitor currently owned by a thread: None

Heap address: 0x0000000080000000, size: 2048 MB, Compressed Oops mode: 32-bit

CDS archive(s) mapped at: [0x00000268c5000000-0x00000268c5ba0000-0x00000268c5ba0000), size 12189696, SharedBaseAddress: 0x00000268c5000000, ArchiveRelocationMode: 1.
Compressed class space mapped at: 0x00000268c6000000-0x0000026906000000, reserved size: 1073741824
Narrow klass base: 0x00000268c5000000, Narrow klass shift: 0, Narrow klass range: 0x100000000

GC Precious Log:
 CardTable entry size: 512
 CPUs: 8 total, 8 available
 Memory: 8029M
 Large Page Support: Disabled
 NUMA Support: Disabled
 Compressed Oops: Enabled (32-bit)
 Alignments: Space 512K, Generation 512K, Heap 2M
 Heap Min Capacity: 100M
 Heap Initial Capacity: 100M
 Heap Max Capacity: 2G
 Pre-touch: Disabled
 Parallel Workers: 8

Heap:
 PSYoungGen      total 3072K, used 2344K [0x00000000d5580000, 0x00000000d5a00000, 0x0000000100000000)
  eden space 2560K, 81% used [0x00000000d5580000,0x00000000d578a090,0x00000000d5800000)
  from space 512K, 50% used [0x00000000d5800000,0x00000000d5840000,0x00000000d5880000)
  to   space 512K, 0% used [0x00000000d5980000,0x00000000d5980000,0x00000000d5a00000)
 ParOldGen       total 479232K, used 479204K [0x0000000080000000, 0x000000009d400000, 0x00000000d5580000)
  object space 479232K, 99% used [0x0000000080000000,0x000000009d3f93c0,0x000000009d400000)
 Metaspace       used 77516K, committed 79040K, reserved 1179648K
  class space    used 9507K, committed 10176K, reserved 1048576K

Card table byte_map: [0x00000268ad770000,0x00000268adb80000] _byte_map_base: 0x00000268ad370000

Marking Bits: (ParMarkBitMap*) 0x00007ff9615fa340
 Begin Bits: [0x00000268c0270000, 0x00000268c2270000)
 End Bits:   [0x00000268c2270000, 0x00000268c4270000)

Polling page: 0x00000268abbe0000

Metaspace:

Usage:
  Non-class:     66.41 MB used.
      Class:      9.28 MB used.
       Both:     75.70 MB used.

Virtual space:
  Non-class space:      128.00 MB reserved,      67.25 MB ( 53%) committed,  2 nodes.
      Class space:        1.00 GB reserved,       9.94 MB ( <1%) committed,  1 nodes.
             Both:        1.12 GB reserved,      77.19 MB (  7%) committed. 

Chunk freelists:
   Non-Class:  12.16 MB
       Class:  6.11 MB
        Both:  18.27 MB

MaxMetaspaceSize: unlimited
CompressedClassSpaceSize: 1.00 GB
Initial GC threshold: 21.00 MB
Current GC threshold: 98.88 MB
CDS: on
 - commit_granule_bytes: 65536.
 - commit_granule_words: 8192.
 - virtual_space_node_default_size: 8388608.
 - enlarge_chunks_in_place: 1.
 - use_allocation_guard: 0.


Internal statistics:

num_allocs_failed_limit: 13.
num_arena_births: 1288.
num_arena_deaths: 14.
num_vsnodes_births: 3.
num_vsnodes_deaths: 0.
num_space_committed: 1235.
num_space_uncommitted: 0.
num_chunks_returned_to_freelist: 27.
num_chunks_taken_from_freelist: 4689.
num_chunk_merges: 17.
num_chunk_splits: 2915.
num_chunks_enlarged: 1661.
num_inconsistent_stats: 0.

CodeHeap 'non-profiled nmethods': size=120000Kb used=9995Kb max_used=9995Kb free=110004Kb
 bounds [0x00000268b8a90000, 0x00000268b9460000, 0x00000268bffc0000]
CodeHeap 'profiled nmethods': size=120000Kb used=21983Kb max_used=21983Kb free=98016Kb
 bounds [0x00000268b0fc0000, 0x00000268b2540000, 0x00000268b84f0000]
CodeHeap 'non-nmethods': size=5760Kb used=1468Kb max_used=1558Kb free=4291Kb
 bounds [0x00000268b84f0000, 0x00000268b8760000, 0x00000268b8a90000]
CodeCache: size=245760Kb, used=33446Kb, max_used=33536Kb, free=212311Kb
 total_blobs=11226, nmethods=10445, adapters=687, full_count=0
Compilation: enabled, stopped_count=0, restarted_count=0

Compilation events (20 events):
Event: 95.212 Thread 0x0000026907113e30 11355       3       java.time.Ser::<init> (5 bytes)
Event: 95.212 Thread 0x0000026907113e30 nmethod 11355 0x00000268b2537290 code [0x00000268b2537440, 0x00000268b25375a8]
Event: 97.324 Thread 0x00000268add7c250 11357       4       org.gradle.internal.logging.text.AbstractLineChoppingStyledTextOutput$StateContext::isCurrentCharEquals (70 bytes)
Event: 97.325 Thread 0x00000268add7c250 nmethod 11357 0x00000268b9451390 code [0x00000268b9451540, 0x00000268b94516f8]
Event: 97.479 Thread 0x0000026907113e30 11358       1       org.gradle.internal.build.event.types.DefaultTaskDescriptor::getDisplayName (5 bytes)
Event: 97.479 Thread 0x0000026907113e30 nmethod 11358 0x00000268b9451910 code [0x00000268b9451aa0, 0x00000268b9451b68]
Event: 97.823 Thread 0x0000026907113e30 11359       3       org.gradle.internal.logging.text.AbstractLineChoppingStyledTextOutput::doAppend (43 bytes)
Event: 97.823 Thread 0x0000026907113e30 nmethod 11359 0x00000268b2537690 code [0x00000268b2537880, 0x00000268b2537d20]
Event: 97.922 Thread 0x0000026907113e30 11360       1       org.gradle.internal.logging.text.AbstractLineChoppingStyledTextOutput::access$100 (5 bytes)
Event: 97.923 Thread 0x0000026907113e30 nmethod 11360 0x00000268b9451c10 code [0x00000268b9451da0, 0x00000268b9451e50]
Event: 97.923 Thread 0x0000026907113e30 11361       1       org.gradle.internal.logging.text.AbstractLineChoppingStyledTextOutput::access$200 (5 bytes)
Event: 97.923 Thread 0x0000026907113e30 nmethod 11361 0x00000268b9451f10 code [0x00000268b94520a0, 0x00000268b9452150]
Event: 97.923 Thread 0x0000026907113e30 11362       1       org.gradle.internal.logging.text.AbstractLineChoppingStyledTextOutput::access$300 (5 bytes)
Event: 97.923 Thread 0x0000026907113e30 nmethod 11362 0x00000268b9452210 code [0x00000268b94523a0, 0x00000268b9452450]
Event: 97.923 Thread 0x0000026907113e30 11363       1       org.gradle.internal.logging.events.StyledTextOutputEvent$Span::access$000 (5 bytes)
Event: 97.923 Thread 0x0000026907113e30 nmethod 11363 0x00000268b9452510 code [0x00000268b94526a0, 0x00000268b9452750]
Event: 97.923 Thread 0x0000026907113e30 11364       1       org.gradle.internal.logging.events.StyledTextOutputEvent$Span::access$100 (5 bytes)
Event: 97.923 Thread 0x0000026907113e30 nmethod 11364 0x00000268b9452810 code [0x00000268b94529a0, 0x00000268b9452a50]
Event: 98.823 Thread 0x00000268add7c250 11365       4       java.util.LinkedHashMap$LinkedHashIterator::<init> (47 bytes)
Event: 98.824 Thread 0x00000268add7c250 nmethod 11365 0x00000268b9452b10 code [0x00000268b9452ca0, 0x00000268b9452da8]

GC Heap History (20 events):
Event: 95.083 GC heap before
{Heap before GC invocations=1451 (full 3):
 PSYoungGen      total 3072K, used 2720K [0x00000000d5580000, 0x00000000d5a00000, 0x0000000100000000)
  eden space 2560K, 100% used [0x00000000d5580000,0x00000000d5800000,0x00000000d5800000)
  from space 512K, 31% used [0x00000000d5800000,0x00000000d5828000,0x00000000d5880000)
  to   space 512K, 0% used [0x00000000d5980000,0x00000000d5980000,0x00000000d5a00000)
 ParOldGen       total 479232K, used 479076K [0x0000000080000000, 0x000000009d400000, 0x00000000d5580000)
  object space 479232K, 99% used [0x0000000080000000,0x000000009d3d93c0,0x000000009d400000)
 Metaspace       used 77508K, committed 79040K, reserved 1179648K
  class space    used 9506K, committed 10176K, reserved 1048576K
}
Event: 95.085 GC heap after
{Heap after GC invocations=1451 (full 3):
 PSYoungGen      total 3072K, used 192K [0x00000000d5580000, 0x00000000d5a00000, 0x0000000100000000)
  eden space 2560K, 0% used [0x00000000d5580000,0x00000000d5580000,0x00000000d5800000)
  from space 512K, 37% used [0x00000000d5980000,0x00000000d59b0000,0x00000000d5a00000)
  to   space 512K, 0% used [0x00000000d5800000,0x00000000d5800000,0x00000000d5880000)
 ParOldGen       total 479232K, used 479076K [0x0000000080000000, 0x000000009d400000, 0x00000000d5580000)
  object space 479232K, 99% used [0x0000000080000000,0x000000009d3d93c0,0x000000009d400000)
 Metaspace       used 77508K, committed 79040K, reserved 1179648K
  class space    used 9506K, committed 10176K, reserved 1048576K
}
Event: 95.118 GC heap before
{Heap before GC invocations=1452 (full 3):
 PSYoungGen      total 3072K, used 2752K [0x00000000d5580000, 0x00000000d5a00000, 0x0000000100000000)
  eden space 2560K, 100% used [0x00000000d5580000,0x00000000d5800000,0x00000000d5800000)
  from space 512K, 37% used [0x00000000d5980000,0x00000000d59b0000,0x00000000d5a00000)
  to   space 512K, 0% used [0x00000000d5800000,0x00000000d5800000,0x00000000d5880000)
 ParOldGen       total 479232K, used 479076K [0x0000000080000000, 0x000000009d400000, 0x00000000d5580000)
  object space 479232K, 99% used [0x0000000080000000,0x000000009d3d93c0,0x000000009d400000)
 Metaspace       used 77508K, committed 79040K, reserved 1179648K
  class space    used 9506K, committed 10176K, reserved 1048576K
}
Event: 95.119 GC heap after
{Heap after GC invocations=1452 (full 3):
 PSYoungGen      total 3072K, used 96K [0x00000000d5580000, 0x00000000d5a00000, 0x0000000100000000)
  eden space 2560K, 0% used [0x00000000d5580000,0x00000000d5580000,0x00000000d5800000)
  from space 512K, 18% used [0x00000000d5800000,0x00000000d5818000,0x00000000d5880000)
  to   space 512K, 0% used [0x00000000d5980000,0x00000000d5980000,0x00000000d5a00000)
 ParOldGen       total 479232K, used 479108K [0x0000000080000000, 0x000000009d400000, 0x00000000d5580000)
  object space 479232K, 99% used [0x0000000080000000,0x000000009d3e13c0,0x000000009d400000)
 Metaspace       used 77508K, committed 79040K, reserved 1179648K
  class space    used 9506K, committed 10176K, reserved 1048576K
}
Event: 95.204 GC heap before
{Heap before GC invocations=1453 (full 3):
 PSYoungGen      total 3072K, used 2656K [0x00000000d5580000, 0x00000000d5a00000, 0x0000000100000000)
  eden space 2560K, 100% used [0x00000000d5580000,0x00000000d5800000,0x00000000d5800000)
  from space 512K, 18% used [0x00000000d5800000,0x00000000d5818000,0x00000000d5880000)
  to   space 512K, 0% used [0x00000000d5980000,0x00000000d5980000,0x00000000d5a00000)
 ParOldGen       total 479232K, used 479108K [0x0000000080000000, 0x000000009d400000, 0x00000000d5580000)
  object space 479232K, 99% used [0x0000000080000000,0x000000009d3e13c0,0x000000009d400000)
 Metaspace       used 77508K, committed 79040K, reserved 1179648K
  class space    used 9506K, committed 10176K, reserved 1048576K
}
Event: 95.205 GC heap after
{Heap after GC invocations=1453 (full 3):
 PSYoungGen      total 3072K, used 192K [0x00000000d5580000, 0x00000000d5a00000, 0x0000000100000000)
  eden space 2560K, 0% used [0x00000000d5580000,0x00000000d5580000,0x00000000d5800000)
  from space 512K, 37% used [0x00000000d5980000,0x00000000d59b0000,0x00000000d5a00000)
  to   space 512K, 0% used [0x00000000d5800000,0x00000000d5800000,0x00000000d5880000)
 ParOldGen       total 479232K, used 479116K [0x0000000080000000, 0x000000009d400000, 0x00000000d5580000)
  object space 479232K, 99% used [0x0000000080000000,0x000000009d3e33c0,0x000000009d400000)
 Metaspace       used 77508K, committed 79040K, reserved 1179648K
  class space    used 9506K, committed 10176K, reserved 1048576K
}
Event: 95.288 GC heap before
{Heap before GC invocations=1454 (full 3):
 PSYoungGen      total 3072K, used 2752K [0x00000000d5580000, 0x00000000d5a00000, 0x0000000100000000)
  eden space 2560K, 100% used [0x00000000d5580000,0x00000000d5800000,0x00000000d5800000)
  from space 512K, 37% used [0x00000000d5980000,0x00000000d59b0000,0x00000000d5a00000)
  to   space 512K, 0% used [0x00000000d5800000,0x00000000d5800000,0x00000000d5880000)
 ParOldGen       total 479232K, used 479116K [0x0000000080000000, 0x000000009d400000, 0x00000000d5580000)
  object space 479232K, 99% used [0x0000000080000000,0x000000009d3e33c0,0x000000009d400000)
 Metaspace       used 77510K, committed 79040K, reserved 1179648K
  class space    used 9506K, committed 10176K, reserved 1048576K
}
Event: 95.289 GC heap after
{Heap after GC invocations=1454 (full 3):
 PSYoungGen      total 3072K, used 128K [0x00000000d5580000, 0x00000000d5a00000, 0x0000000100000000)
  eden space 2560K, 0% used [0x00000000d5580000,0x00000000d5580000,0x00000000d5800000)
  from space 512K, 25% used [0x00000000d5800000,0x00000000d5820000,0x00000000d5880000)
  to   space 512K, 0% used [0x00000000d5980000,0x00000000d5980000,0x00000000d5a00000)
 ParOldGen       total 479232K, used 479116K [0x0000000080000000, 0x000000009d400000, 0x00000000d5580000)
  object space 479232K, 99% used [0x0000000080000000,0x000000009d3e33c0,0x000000009d400000)
 Metaspace       used 77510K, committed 79040K, reserved 1179648K
  class space    used 9506K, committed 10176K, reserved 1048576K
}
Event: 95.312 GC heap before
{Heap before GC invocations=1455 (full 3):
 PSYoungGen      total 3072K, used 2688K [0x00000000d5580000, 0x00000000d5a00000, 0x0000000100000000)
  eden space 2560K, 100% used [0x00000000d5580000,0x00000000d5800000,0x00000000d5800000)
  from space 512K, 25% used [0x00000000d5800000,0x00000000d5820000,0x00000000d5880000)
  to   space 512K, 0% used [0x00000000d5980000,0x00000000d5980000,0x00000000d5a00000)
 ParOldGen       total 479232K, used 479116K [0x0000000080000000, 0x000000009d400000, 0x00000000d5580000)
  object space 479232K, 99% used [0x0000000080000000,0x000000009d3e33c0,0x000000009d400000)
 Metaspace       used 77510K, committed 79040K, reserved 1179648K
  class space    used 9506K, committed 10176K, reserved 1048576K
}
Event: 95.313 GC heap after
{Heap after GC invocations=1455 (full 3):
 PSYoungGen      total 3072K, used 192K [0x00000000d5580000, 0x00000000d5a00000, 0x0000000100000000)
  eden space 2560K, 0% used [0x00000000d5580000,0x00000000d5580000,0x00000000d5800000)
  from space 512K, 37% used [0x00000000d5980000,0x00000000d59b0000,0x00000000d5a00000)
  to   space 512K, 0% used [0x00000000d5800000,0x00000000d5800000,0x00000000d5880000)
 ParOldGen       total 479232K, used 479156K [0x0000000080000000, 0x000000009d400000, 0x00000000d5580000)
  object space 479232K, 99% used [0x0000000080000000,0x000000009d3ed3c0,0x000000009d400000)
 Metaspace       used 77510K, committed 79040K, reserved 1179648K
  class space    used 9506K, committed 10176K, reserved 1048576K
}
Event: 95.501 GC heap before
{Heap before GC invocations=1456 (full 3):
 PSYoungGen      total 3072K, used 2752K [0x00000000d5580000, 0x00000000d5a00000, 0x0000000100000000)
  eden space 2560K, 100% used [0x00000000d5580000,0x00000000d5800000,0x00000000d5800000)
  from space 512K, 37% used [0x00000000d5980000,0x00000000d59b0000,0x00000000d5a00000)
  to   space 512K, 0% used [0x00000000d5800000,0x00000000d5800000,0x00000000d5880000)
 ParOldGen       total 479232K, used 479156K [0x0000000080000000, 0x000000009d400000, 0x00000000d5580000)
  object space 479232K, 99% used [0x0000000080000000,0x000000009d3ed3c0,0x000000009d400000)
 Metaspace       used 77510K, committed 79040K, reserved 1179648K
  class space    used 9506K, committed 10176K, reserved 1048576K
}
Event: 95.503 GC heap after
{Heap after GC invocations=1456 (full 3):
 PSYoungGen      total 3072K, used 224K [0x00000000d5580000, 0x00000000d5a00000, 0x0000000100000000)
  eden space 2560K, 0% used [0x00000000d5580000,0x00000000d5580000,0x00000000d5800000)
  from space 512K, 43% used [0x00000000d5800000,0x00000000d5838000,0x00000000d5880000)
  to   space 512K, 0% used [0x00000000d5980000,0x00000000d5980000,0x00000000d5a00000)
 ParOldGen       total 479232K, used 479156K [0x0000000080000000, 0x000000009d400000, 0x00000000d5580000)
  object space 479232K, 99% used [0x0000000080000000,0x000000009d3ed3c0,0x000000009d400000)
 Metaspace       used 77510K, committed 79040K, reserved 1179648K
  class space    used 9506K, committed 10176K, reserved 1048576K
}
Event: 95.534 GC heap before
{Heap before GC invocations=1457 (full 3):
 PSYoungGen      total 3072K, used 2784K [0x00000000d5580000, 0x00000000d5a00000, 0x0000000100000000)
  eden space 2560K, 100% used [0x00000000d5580000,0x00000000d5800000,0x00000000d5800000)
  from space 512K, 43% used [0x00000000d5800000,0x00000000d5838000,0x00000000d5880000)
  to   space 512K, 0% used [0x00000000d5980000,0x00000000d5980000,0x00000000d5a00000)
 ParOldGen       total 479232K, used 479156K [0x0000000080000000, 0x000000009d400000, 0x00000000d5580000)
  object space 479232K, 99% used [0x0000000080000000,0x000000009d3ed3c0,0x000000009d400000)
 Metaspace       used 77510K, committed 79040K, reserved 1179648K
  class space    used 9506K, committed 10176K, reserved 1048576K
}
Event: 95.535 GC heap after
{Heap after GC invocations=1457 (full 3):
 PSYoungGen      total 3072K, used 96K [0x00000000d5580000, 0x00000000d5a00000, 0x0000000100000000)
  eden space 2560K, 0% used [0x00000000d5580000,0x00000000d5580000,0x00000000d5800000)
  from space 512K, 18% used [0x00000000d5980000,0x00000000d5998000,0x00000000d5a00000)
  to   space 512K, 0% used [0x00000000d5800000,0x00000000d5800000,0x00000000d5880000)
 ParOldGen       total 479232K, used 479180K [0x0000000080000000, 0x000000009d400000, 0x00000000d5580000)
  object space 479232K, 99% used [0x0000000080000000,0x000000009d3f33c0,0x000000009d400000)
 Metaspace       used 77510K, committed 79040K, reserved 1179648K
  class space    used 9506K, committed 10176K, reserved 1048576K
}
Event: 95.598 GC heap before
{Heap before GC invocations=1458 (full 3):
 PSYoungGen      total 3072K, used 2656K [0x00000000d5580000, 0x00000000d5a00000, 0x0000000100000000)
  eden space 2560K, 100% used [0x00000000d5580000,0x00000000d5800000,0x00000000d5800000)
  from space 512K, 18% used [0x00000000d5980000,0x00000000d5998000,0x00000000d5a00000)
  to   space 512K, 0% used [0x00000000d5800000,0x00000000d5800000,0x00000000d5880000)
 ParOldGen       total 479232K, used 479180K [0x0000000080000000, 0x000000009d400000, 0x00000000d5580000)
  object space 479232K, 99% used [0x0000000080000000,0x000000009d3f33c0,0x000000009d400000)
 Metaspace       used 77510K, committed 79040K, reserved 1179648K
  class space    used 9506K, committed 10176K, reserved 1048576K
}
Event: 95.599 GC heap after
{Heap after GC invocations=1458 (full 3):
 PSYoungGen      total 3072K, used 192K [0x00000000d5580000, 0x00000000d5a00000, 0x0000000100000000)
  eden space 2560K, 0% used [0x00000000d5580000,0x00000000d5580000,0x00000000d5800000)
  from space 512K, 37% used [0x00000000d5800000,0x00000000d5830000,0x00000000d5880000)
  to   space 512K, 0% used [0x00000000d5980000,0x00000000d5980000,0x00000000d5a00000)
 ParOldGen       total 479232K, used 479204K [0x0000000080000000, 0x000000009d400000, 0x00000000d5580000)
  object space 479232K, 99% used [0x0000000080000000,0x000000009d3f93c0,0x000000009d400000)
 Metaspace       used 77510K, committed 79040K, reserved 1179648K
  class space    used 9506K, committed 10176K, reserved 1048576K
}
Event: 95.792 GC heap before
{Heap before GC invocations=1459 (full 3):
 PSYoungGen      total 3072K, used 2752K [0x00000000d5580000, 0x00000000d5a00000, 0x0000000100000000)
  eden space 2560K, 100% used [0x00000000d5580000,0x00000000d5800000,0x00000000d5800000)
  from space 512K, 37% used [0x00000000d5800000,0x00000000d5830000,0x00000000d5880000)
  to   space 512K, 0% used [0x00000000d5980000,0x00000000d5980000,0x00000000d5a00000)
 ParOldGen       total 479232K, used 479204K [0x0000000080000000, 0x000000009d400000, 0x00000000d5580000)
  object space 479232K, 99% used [0x0000000080000000,0x000000009d3f93c0,0x000000009d400000)
 Metaspace       used 77510K, committed 79040K, reserved 1179648K
  class space    used 9506K, committed 10176K, reserved 1048576K
}
Event: 95.794 GC heap after
{Heap after GC invocations=1459 (full 3):
 PSYoungGen      total 3072K, used 192K [0x00000000d5580000, 0x00000000d5a00000, 0x0000000100000000)
  eden space 2560K, 0% used [0x00000000d5580000,0x00000000d5580000,0x00000000d5800000)
  from space 512K, 37% used [0x00000000d5980000,0x00000000d59b0000,0x00000000d5a00000)
  to   space 512K, 0% used [0x00000000d5800000,0x00000000d5800000,0x00000000d5880000)
 ParOldGen       total 479232K, used 479204K [0x0000000080000000, 0x000000009d400000, 0x00000000d5580000)
  object space 479232K, 99% used [0x0000000080000000,0x000000009d3f93c0,0x000000009d400000)
 Metaspace       used 77510K, committed 79040K, reserved 1179648K
  class space    used 9506K, committed 10176K, reserved 1048576K
}
Event: 97.667 GC heap before
{Heap before GC invocations=1460 (full 3):
 PSYoungGen      total 3072K, used 2752K [0x00000000d5580000, 0x00000000d5a00000, 0x0000000100000000)
  eden space 2560K, 100% used [0x00000000d5580000,0x00000000d5800000,0x00000000d5800000)
  from space 512K, 37% used [0x00000000d5980000,0x00000000d59b0000,0x00000000d5a00000)
  to   space 512K, 0% used [0x00000000d5800000,0x00000000d5800000,0x00000000d5880000)
 ParOldGen       total 479232K, used 479204K [0x0000000080000000, 0x000000009d400000, 0x00000000d5580000)
  object space 479232K, 99% used [0x0000000080000000,0x000000009d3f93c0,0x000000009d400000)
 Metaspace       used 77514K, committed 79040K, reserved 1179648K
  class space    used 9507K, committed 10176K, reserved 1048576K
}
Event: 97.669 GC heap after
{Heap after GC invocations=1460 (full 3):
 PSYoungGen      total 3072K, used 256K [0x00000000d5580000, 0x00000000d5a00000, 0x0000000100000000)
  eden space 2560K, 0% used [0x00000000d5580000,0x00000000d5580000,0x00000000d5800000)
  from space 512K, 50% used [0x00000000d5800000,0x00000000d5840000,0x00000000d5880000)
  to   space 512K, 0% used [0x00000000d5980000,0x00000000d5980000,0x00000000d5a00000)
 ParOldGen       total 479232K, used 479204K [0x0000000080000000, 0x000000009d400000, 0x00000000d5580000)
  object space 479232K, 99% used [0x0000000080000000,0x000000009d3f93c0,0x000000009d400000)
 Metaspace       used 77514K, committed 79040K, reserved 1179648K
  class space    used 9507K, committed 10176K, reserved 1048576K
}

Dll operation events (15 events):
Event: 0.011 Loaded shared library c:\Users\78747\.vscode\extensions\redhat.java-1.47.0-win32-x64\jre\21.0.8-win32-x86_64\bin\java.dll
Event: 0.154 Loaded shared library c:\Users\78747\.vscode\extensions\redhat.java-1.47.0-win32-x64\jre\21.0.8-win32-x86_64\bin\zip.dll
Event: 0.173 Loaded shared library C:\Users\78747\.vscode\extensions\redhat.java-1.47.0-win32-x64\jre\21.0.8-win32-x86_64\bin\instrument.dll
Event: 0.179 Loaded shared library C:\Users\78747\.vscode\extensions\redhat.java-1.47.0-win32-x64\jre\21.0.8-win32-x86_64\bin\net.dll
Event: 0.182 Loaded shared library C:\Users\78747\.vscode\extensions\redhat.java-1.47.0-win32-x64\jre\21.0.8-win32-x86_64\bin\nio.dll
Event: 0.185 Loaded shared library C:\Users\78747\.vscode\extensions\redhat.java-1.47.0-win32-x64\jre\21.0.8-win32-x86_64\bin\zip.dll
Event: 0.203 Loaded shared library C:\Users\78747\.vscode\extensions\redhat.java-1.47.0-win32-x64\jre\21.0.8-win32-x86_64\bin\jimage.dll
Event: 0.284 Loaded shared library c:\Users\78747\.vscode\extensions\redhat.java-1.47.0-win32-x64\jre\21.0.8-win32-x86_64\bin\verify.dll
Event: 1.567 Loaded shared library C:\Users\78747\AppData\Roaming\Code\User\globalStorage\redhat.java\1.47.0\config_win\org.eclipse.equinox.launcher\org.eclipse.equinox.launcher.win32.win32.x86_64_1.2.1400.v20250801-0854\eclipse_11916.dll
Event: 4.653 Loaded shared library C:\Users\78747\AppData\Local\Temp\jna-52516473\jna79345141632272194.dll
Event: 7.791 Loaded shared library C:\Users\78747\.gradle\native\1def1411415f61bf3af743bc5b6707747c0891f09f0c88961ee8f79bc544acac\windows-amd64\native-platform.dll
Event: 9.475 Loaded shared library C:\Users\78747\.vscode\extensions\redhat.java-1.47.0-win32-x64\jre\21.0.8-win32-x86_64\bin\management.dll
Event: 9.481 Loaded shared library C:\Users\78747\.vscode\extensions\redhat.java-1.47.0-win32-x64\jre\21.0.8-win32-x86_64\bin\management_ext.dll
Event: 15.191 Loaded shared library C:\Users\78747\.vscode\extensions\redhat.java-1.47.0-win32-x64\jre\21.0.8-win32-x86_64\bin\extnet.dll
Event: 18.654 Loaded shared library C:\Users\78747\.vscode\extensions\redhat.java-1.47.0-win32-x64\jre\21.0.8-win32-x86_64\bin\sunmscapi.dll

Deoptimization events (20 events):
Event: 84.989 Thread 0x0000026910c0f230 Uncommon trap: trap_request=0xffffffc6 fr.pc=0x00000268b8ce01d8 relative=0x00000000000003d8
Event: 84.989 Thread 0x0000026910c0f230 Uncommon trap: reason=bimorphic_or_optimized_type_check action=maybe_recompile pc=0x00000268b8ce01d8 method=java.util.regex.Pattern$Slice.match(Ljava/util/regex/Matcher;ILjava/lang/CharSequence;)Z @ 49 c2
Event: 84.989 Thread 0x0000026910c0f230 DEOPT PACKING pc=0x00000268b8ce01d8 sp=0x0000007ceaafecd0
Event: 84.989 Thread 0x0000026910c0f230 DEOPT UNPACKING pc=0x00000268b8543aa2 sp=0x0000007ceaafec58 mode 2
Event: 85.017 Thread 0x0000026910c11300 Uncommon trap: trap_request=0xffffff54 fr.pc=0x00000268b92bb3bc relative=0x00000000000004fc
Event: 85.017 Thread 0x0000026910c11300 Uncommon trap: reason=speculate_null_assert action=make_not_entrant pc=0x00000268b92bb3bc method=sun.nio.ch.WEPollSelectorImpl.processUpdateQueue()V @ 42 c2
Event: 85.017 Thread 0x0000026910c11300 DEOPT PACKING pc=0x00000268b92bb3bc sp=0x0000007cea0fe8d0
Event: 85.017 Thread 0x0000026910c11300 DEOPT UNPACKING pc=0x00000268b8543aa2 sp=0x0000007cea0fe2d8 mode 2
Event: 85.719 Thread 0x0000026910c11300 Uncommon trap: trap_request=0xffffff45 fr.pc=0x00000268b9224a88 relative=0x0000000000005548
Event: 85.719 Thread 0x0000026910c11300 Uncommon trap: reason=unstable_if action=reinterpret pc=0x00000268b9224a88 method=org.gradle.tooling.internal.consumer.parameters.BuildProgressListenerAdapter.getParentDescriptor(Ljava/lang/Object;)Lorg/gradle/tooling/events/OperationDescriptor; @ 1 c2
Event: 85.719 Thread 0x0000026910c11300 DEOPT PACKING pc=0x00000268b9224a88 sp=0x0000007cea0fe890
Event: 85.719 Thread 0x0000026910c11300 DEOPT UNPACKING pc=0x00000268b8543aa2 sp=0x0000007cea0fe368 mode 2
Event: 97.225 Thread 0x0000026910c11300 Uncommon trap: trap_request=0xffffff45 fr.pc=0x00000268b9233c3c relative=0x00000000000002dc
Event: 97.225 Thread 0x0000026910c11300 Uncommon trap: reason=unstable_if action=reinterpret pc=0x00000268b9233c3c method=java.io.ObjectInputStream$HandleTable.markDependency(II)V @ 2 c2
Event: 97.225 Thread 0x0000026910c11300 DEOPT PACKING pc=0x00000268b9233c3c sp=0x0000007cea0fe4e0
Event: 97.225 Thread 0x0000026910c11300 DEOPT UNPACKING pc=0x00000268b8543aa2 sp=0x0000007cea0fe388 mode 2
Event: 97.225 Thread 0x0000026910c11300 Uncommon trap: trap_request=0xffffff45 fr.pc=0x00000268b91a85c8 relative=0x00000000000000a8
Event: 97.225 Thread 0x0000026910c11300 Uncommon trap: reason=unstable_if action=reinterpret pc=0x00000268b91a85c8 method=java.io.ObjectInputStream$HandleTable.lookupException(I)Ljava/lang/ClassNotFoundException; @ 2 c2
Event: 97.225 Thread 0x0000026910c11300 DEOPT PACKING pc=0x00000268b91a85c8 sp=0x0000007cea0fe3f0
Event: 97.225 Thread 0x0000026910c11300 DEOPT UNPACKING pc=0x00000268b8543aa2 sp=0x0000007cea0fe388 mode 2

Classes loaded (20 events):
Event: 49.495 Loading class java/security/DigestInputStream
Event: 49.495 Loading class java/security/DigestInputStream done
Event: 65.947 Loading class java/util/Collections$SynchronizedRandomAccessList
Event: 65.948 Loading class java/util/Collections$SynchronizedList
Event: 65.948 Loading class java/util/Collections$SynchronizedList done
Event: 65.948 Loading class java/util/Collections$SynchronizedRandomAccessList done
Event: 65.969 Loading class java/util/concurrent/CompletableFuture$Signaller
Event: 65.970 Loading class java/util/concurrent/CompletableFuture$Signaller done
Event: 66.146 Loading class java/util/concurrent/ForkJoinTask$AdaptedCallable
Event: 66.146 Loading class java/util/concurrent/ForkJoinTask$AdaptedCallable done
Event: 66.153 Loading class java/util/concurrent/CompletableFuture$UniApply
Event: 66.154 Loading class java/util/concurrent/CompletableFuture$UniCompletion
Event: 66.154 Loading class java/util/concurrent/CompletableFuture$UniCompletion done
Event: 66.154 Loading class java/util/concurrent/CompletableFuture$UniApply done
Event: 66.155 Loading class java/util/concurrent/CompletableFuture$UniAccept
Event: 66.158 Loading class java/util/concurrent/CompletableFuture$UniAccept done
Event: 66.158 Loading class java/util/concurrent/CompletableFuture$UniExceptionally
Event: 66.158 Loading class java/util/concurrent/CompletableFuture$UniExceptionally done
Event: 66.186 Loading class java/util/Hashtable$KeySet
Event: 66.188 Loading class java/util/Hashtable$KeySet done

Classes unloaded (7 events):
Event: 5.324 Thread 0x00000268add224b0 Unloading class 0x00000268c61a6800 'java/lang/invoke/LambdaForm$MH+0x00000268c61a6800'
Event: 5.324 Thread 0x00000268add224b0 Unloading class 0x00000268c61a6400 'java/lang/invoke/LambdaForm$MH+0x00000268c61a6400'
Event: 5.324 Thread 0x00000268add224b0 Unloading class 0x00000268c61a6000 'java/lang/invoke/LambdaForm$MH+0x00000268c61a6000'
Event: 5.324 Thread 0x00000268add224b0 Unloading class 0x00000268c61a5c00 'java/lang/invoke/LambdaForm$MH+0x00000268c61a5c00'
Event: 5.324 Thread 0x00000268add224b0 Unloading class 0x00000268c61a5800 'java/lang/invoke/LambdaForm$BMH+0x00000268c61a5800'
Event: 5.324 Thread 0x00000268add224b0 Unloading class 0x00000268c61a5400 'java/lang/invoke/LambdaForm$DMH+0x00000268c61a5400'
Event: 5.324 Thread 0x00000268add224b0 Unloading class 0x00000268c61a4000 'java/lang/invoke/LambdaForm$DMH+0x00000268c61a4000'

Classes redefined (0 events):
No events

Internal exceptions (20 events):
Event: 65.862 Thread 0x0000026907c05c60 Exception <a 'sun/nio/fs/WindowsException'{0x00000000d571d120}> (0x00000000d571d120) 
thrown [s\src\hotspot\share\prims\jni.cpp, line 520]
Event: 65.862 Thread 0x0000026907c05c60 Exception <a 'sun/nio/fs/WindowsException'{0x00000000d5727d60}> (0x00000000d5727d60) 
thrown [s\src\hotspot\share\prims\jni.cpp, line 520]
Event: 65.878 Thread 0x000002690de06130 Implicit null exception at 0x00000268b8cf30ac to 0x00000268b8cf397c
Event: 65.879 Thread 0x000002690de06130 Implicit null exception at 0x00000268b8cf22cf to 0x00000268b8cf253c
Event: 65.887 Thread 0x000002690de0b680 Exception <a 'java/io/FileNotFoundException'{0x00000000d56acdb0}> (0x00000000d56acdb0) 
thrown [s\src\hotspot\share\prims\jni.cpp, line 520]
Event: 65.892 Thread 0x000002690de0b680 Implicit null exception at 0x00000268b8d581a0 to 0x00000268b8d585f0
Event: 65.892 Thread 0x000002690de0b680 Exception <a 'sun/nio/fs/WindowsException'{0x00000000d55810f0}> (0x00000000d55810f0) 
thrown [s\src\hotspot\share\prims\jni.cpp, line 520]
Event: 65.892 Thread 0x000002690de0b680 Exception <a 'sun/nio/fs/WindowsException'{0x00000000d55bf2b8}> (0x00000000d55bf2b8) 
thrown [s\src\hotspot\share\prims\jni.cpp, line 520]
Event: 65.894 Thread 0x000002690de0b680 Exception <a 'sun/nio/fs/WindowsException'{0x00000000d5613d88}> (0x00000000d5613d88) 
thrown [s\src\hotspot\share\prims\jni.cpp, line 520]
Event: 65.894 Thread 0x000002690de0b680 Exception <a 'sun/nio/fs/WindowsException'{0x00000000d56486d0}> (0x00000000d56486d0) 
thrown [s\src\hotspot\share\prims\jni.cpp, line 520]
Event: 65.895 Thread 0x000002690de0b680 Exception <a 'sun/nio/fs/WindowsException'{0x00000000d56a3740}> (0x00000000d56a3740) 
thrown [s\src\hotspot\share\prims\jni.cpp, line 520]
Event: 65.896 Thread 0x000002690de0b680 Exception <a 'sun/nio/fs/WindowsException'{0x00000000d56c09f0}> (0x00000000d56c09f0) 
thrown [s\src\hotspot\share\prims\jni.cpp, line 520]
Event: 65.896 Thread 0x000002690de0b680 Exception <a 'sun/nio/fs/WindowsException'{0x00000000d5711770}> (0x00000000d5711770) 
thrown [s\src\hotspot\share\prims\jni.cpp, line 520]
Event: 65.896 Thread 0x000002690de0b680 Exception <a 'sun/nio/fs/WindowsException'{0x00000000d571b558}> (0x00000000d571b558) 
thrown [s\src\hotspot\share\prims\jni.cpp, line 520]
Event: 66.143 Thread 0x0000026907c05c60 Exception <a 'java/io/FileNotFoundException'{0x00000000d55a2c00}> (0x00000000d55a2c00) 
thrown [s\src\hotspot\share\prims\jni.cpp, line 520]
Event: 66.144 Thread 0x0000026907c05c60 Exception <a 'java/io/FileNotFoundException'{0x00000000d55a3948}> (0x00000000d55a3948) 
thrown [s\src\hotspot\share\prims\jni.cpp, line 520]
Event: 66.151 Thread 0x000002690de0b680 Exception <a 'java/lang/IncompatibleClassChangeError'{0x00000000d581e6b8}: Found class java.lang.Object, but interface was expected> (0x00000000d581e6b8) 
thrown [s\src\hotspot\share\interpreter\linkResolver.cpp, line 840]
Event: 66.158 Thread 0x0000026910c0e510 Implicit null exception at 0x00000268b90e7458 to 0x00000268b90e7a2c
Event: 66.230 Thread 0x0000026910c0eba0 Implicit null exception at 0x00000268b9353963 to 0x00000268b9354554
Event: 85.719 Thread 0x0000026910c11300 Implicit null exception at 0x00000268b921fd06 to 0x00000268b9224a4c

ZGC Phase Switch (0 events):
No events

VM Operations (20 events):
Event: 95.118 Executing VM operation: ParallelGCFailedAllocation (Allocation Failure)
Event: 95.119 Executing VM operation: ParallelGCFailedAllocation (Allocation Failure) done
Event: 95.204 Executing VM operation: ParallelGCFailedAllocation (Allocation Failure)
Event: 95.205 Executing VM operation: ParallelGCFailedAllocation (Allocation Failure) done
Event: 95.288 Executing VM operation: ParallelGCFailedAllocation (Allocation Failure)
Event: 95.289 Executing VM operation: ParallelGCFailedAllocation (Allocation Failure) done
Event: 95.312 Executing VM operation: ParallelGCFailedAllocation (Allocation Failure)
Event: 95.313 Executing VM operation: ParallelGCFailedAllocation (Allocation Failure) done
Event: 95.501 Executing VM operation: ParallelGCFailedAllocation (Allocation Failure)
Event: 95.503 Executing VM operation: ParallelGCFailedAllocation (Allocation Failure) done
Event: 95.534 Executing VM operation: ParallelGCFailedAllocation (Allocation Failure)
Event: 95.535 Executing VM operation: ParallelGCFailedAllocation (Allocation Failure) done
Event: 95.598 Executing VM operation: ParallelGCFailedAllocation (Allocation Failure)
Event: 95.599 Executing VM operation: ParallelGCFailedAllocation (Allocation Failure) done
Event: 95.792 Executing VM operation: ParallelGCFailedAllocation (Allocation Failure)
Event: 95.794 Executing VM operation: ParallelGCFailedAllocation (Allocation Failure) done
Event: 96.795 Executing VM operation: Cleanup
Event: 96.795 Executing VM operation: Cleanup done
Event: 97.667 Executing VM operation: ParallelGCFailedAllocation (Allocation Failure)
Event: 97.669 Executing VM operation: ParallelGCFailedAllocation (Allocation Failure) done

Memory protections (0 events):
No events

Nmethod flushes (20 events):
Event: 12.578 Thread 0x00000268add224b0 flushing  nmethod 0x00000268b1a1c790
Event: 12.578 Thread 0x00000268add224b0 flushing  nmethod 0x00000268b1a29310
Event: 12.578 Thread 0x00000268add224b0 flushing  nmethod 0x00000268b1a32190
Event: 12.578 Thread 0x00000268add224b0 flushing  nmethod 0x00000268b1a39d10
Event: 12.578 Thread 0x00000268add224b0 flushing  nmethod 0x00000268b1a73c90
Event: 12.578 Thread 0x00000268add224b0 flushing  nmethod 0x00000268b1a97110
Event: 12.578 Thread 0x00000268add224b0 flushing  nmethod 0x00000268b1a99a90
Event: 12.578 Thread 0x00000268add224b0 flushing  nmethod 0x00000268b1a99e10
Event: 12.578 Thread 0x00000268add224b0 flushing  nmethod 0x00000268b1a9f590
Event: 12.578 Thread 0x00000268add224b0 flushing  nmethod 0x00000268b1aa1a10
Event: 12.578 Thread 0x00000268add224b0 flushing  nmethod 0x00000268b1aa3390
Event: 12.578 Thread 0x00000268add224b0 flushing  nmethod 0x00000268b1ac3e10
Event: 12.578 Thread 0x00000268add224b0 flushing  nmethod 0x00000268b1ac4f90
Event: 12.578 Thread 0x00000268add224b0 flushing  nmethod 0x00000268b1ac5a90
Event: 12.578 Thread 0x00000268add224b0 flushing  nmethod 0x00000268b1ac6790
Event: 12.578 Thread 0x00000268add224b0 flushing  nmethod 0x00000268b1ac6b90
Event: 12.578 Thread 0x00000268add224b0 flushing  nmethod 0x00000268b1ac7c90
Event: 12.578 Thread 0x00000268add224b0 flushing  nmethod 0x00000268b1ac9b10
Event: 12.578 Thread 0x00000268add224b0 flushing  nmethod 0x00000268b1acb990
Event: 12.578 Thread 0x00000268add224b0 flushing  nmethod 0x00000268b1ad1510

Events (20 events):
Event: 67.075 Thread 0x000002690720d460 Thread exited: 0x000002690720d460
Event: 67.428 Thread 0x000002690720bff0 Thread exited: 0x000002690720bff0
Event: 74.829 Thread 0x0000026907113e30 Thread added: 0x000002690720c6c0
Event: 74.829 Thread 0x0000026907113e30 Thread added: 0x000002690720e200
Event: 74.830 Thread 0x000002690de08200 Thread added: 0x0000026910c105e0
Event: 74.831 Thread 0x000002690de08200 Thread added: 0x0000026910c0ff50
Event: 75.242 Thread 0x000002690720e200 Thread exited: 0x000002690720e200
Event: 75.288 Thread 0x000002690720c6c0 Thread exited: 0x000002690720c6c0
Event: 75.296 Thread 0x0000026910c0ff50 Thread exited: 0x0000026910c0ff50
Event: 75.296 Thread 0x000002690de08200 Thread added: 0x0000026910c10c70
Event: 75.297 Thread 0x000002690de08200 Thread added: 0x0000026910c11300
Event: 75.314 Thread 0x0000026907113e30 Thread added: 0x000002690720c6c0
Event: 75.322 Thread 0x0000026910c11300 Thread added: 0x0000026910c0ff50
Event: 76.365 Thread 0x000002690720c6c0 Thread exited: 0x000002690720c6c0
Event: 76.384 Thread 0x0000026910c11300 Thread added: 0x0000026910c0f230
Event: 76.410 Thread 0x0000026910c0f230 Thread added: 0x0000026910c11990
Event: 76.410 Thread 0x0000026910c0f230 Thread added: 0x000002690efcd790
Event: 76.410 Thread 0x0000026910c11990 Thread exited: 0x0000026910c11990
Event: 84.989 Thread 0x0000026910c0f230 Thread exited: 0x0000026910c0f230
Event: 84.989 Thread 0x000002690efcd790 Thread exited: 0x000002690efcd790


Dynamic libraries:
0x00007ff635750000 - 0x00007ff63575e000 	c:\Users\78747\.vscode\extensions\redhat.java-1.47.0-win32-x64\jre\21.0.8-win32-x86_64\bin\java.exe
0x00007ffa1fce0000 - 0x00007ffa1ff48000 	C:\WINDOWS\SYSTEM32\ntdll.dll
0x00007ffa1e790000 - 0x00007ffa1e859000 	C:\WINDOWS\System32\KERNEL32.DLL
0x00007ffa1d370000 - 0x00007ffa1d768000 	C:\WINDOWS\System32\KERNELBASE.dll
0x00007ffa1d770000 - 0x00007ffa1d8bb000 	C:\WINDOWS\System32\ucrtbase.dll
0x00007ffa047d0000 - 0x00007ffa047e8000 	c:\Users\78747\.vscode\extensions\redhat.java-1.47.0-win32-x64\jre\21.0.8-win32-x86_64\bin\jli.dll
0x00007ffa047b0000 - 0x00007ffa047ce000 	c:\Users\78747\.vscode\extensions\redhat.java-1.47.0-win32-x64\jre\21.0.8-win32-x86_64\bin\VCRUNTIME140.dll
0x00007ffa1f5b0000 - 0x00007ffa1f777000 	C:\WINDOWS\System32\USER32.dll
0x00007ffa06c20000 - 0x00007ffa06eb4000 	C:\WINDOWS\WinSxS\amd64_microsoft.windows.common-controls_6595b64144ccf1df_6.0.26100.7019_none_3e06ffa0e335b8a8\COMCTL32.dll
0x00007ffa1d120000 - 0x00007ffa1d147000 	C:\WINDOWS\System32\win32u.dll
0x00007ffa1e6e0000 - 0x00007ffa1e789000 	C:\WINDOWS\System32\msvcrt.dll
0x00007ffa1dca0000 - 0x00007ffa1dccb000 	C:\WINDOWS\System32\GDI32.dll
0x00007ffa1d950000 - 0x00007ffa1da7c000 	C:\WINDOWS\System32\gdi32full.dll
0x00007ffa1d150000 - 0x00007ffa1d1f3000 	C:\WINDOWS\System32\msvcp_win.dll
0x00007ffa1f0e0000 - 0x00007ffa1f111000 	C:\WINDOWS\System32\IMM32.DLL
0x00007ffa128e0000 - 0x00007ffa128ec000 	c:\Users\78747\.vscode\extensions\redhat.java-1.47.0-win32-x64\jre\21.0.8-win32-x86_64\bin\vcruntime140_1.dll
0x00007ff9c5b20000 - 0x00007ff9c5bad000 	c:\Users\78747\.vscode\extensions\redhat.java-1.47.0-win32-x64\jre\21.0.8-win32-x86_64\bin\msvcp140.dll
0x00007ff960940000 - 0x00007ff9616d7000 	c:\Users\78747\.vscode\extensions\redhat.java-1.47.0-win32-x64\jre\21.0.8-win32-x86_64\bin\server\jvm.dll
0x00007ffa1e860000 - 0x00007ffa1e914000 	C:\WINDOWS\System32\ADVAPI32.dll
0x00007ffa1f850000 - 0x00007ffa1f8f6000 	C:\WINDOWS\System32\sechost.dll
0x00007ffa1db00000 - 0x00007ffa1dc18000 	C:\WINDOWS\System32\RPCRT4.dll
0x00007ffa1f530000 - 0x00007ffa1f5a4000 	C:\WINDOWS\System32\WS2_32.dll
0x00007ffa1cc90000 - 0x00007ffa1ccee000 	C:\WINDOWS\SYSTEM32\POWRPROF.dll
0x00007ffa12330000 - 0x00007ffa1233b000 	C:\WINDOWS\SYSTEM32\VERSION.dll
0x00007ffa0a480000 - 0x00007ffa0a4b5000 	C:\WINDOWS\SYSTEM32\WINMM.dll
0x00007ffa1cc70000 - 0x00007ffa1cc84000 	C:\WINDOWS\SYSTEM32\UMPDC.dll
0x00007ffa1bbc0000 - 0x00007ffa1bbdb000 	C:\WINDOWS\SYSTEM32\kernel.appcore.dll
0x00007ffa0dd30000 - 0x00007ffa0dd3a000 	c:\Users\78747\.vscode\extensions\redhat.java-1.47.0-win32-x64\jre\21.0.8-win32-x86_64\bin\jimage.dll
0x00007ffa1a530000 - 0x00007ffa1a772000 	C:\WINDOWS\SYSTEM32\DBGHELP.DLL
0x00007ffa1f900000 - 0x00007ffa1fc8b000 	C:\WINDOWS\System32\combase.dll
0x00007ffa1e600000 - 0x00007ffa1e6d7000 	C:\WINDOWS\System32\OLEAUT32.dll
0x00007ff9f4bf0000 - 0x00007ff9f4c2c000 	C:\WINDOWS\SYSTEM32\dbgcore.DLL
0x00007ffa1d070000 - 0x00007ffa1d115000 	C:\WINDOWS\System32\bcryptPrimitives.dll
0x00007ffa0d5f0000 - 0x00007ffa0d5ff000 	c:\Users\78747\.vscode\extensions\redhat.java-1.47.0-win32-x64\jre\21.0.8-win32-x86_64\bin\instrument.dll
0x00007ffa03340000 - 0x00007ffa0335f000 	c:\Users\78747\.vscode\extensions\redhat.java-1.47.0-win32-x64\jre\21.0.8-win32-x86_64\bin\java.dll
0x00007ffa1e980000 - 0x00007ffa1f0cf000 	C:\WINDOWS\System32\SHELL32.dll
0x00007ffa1d200000 - 0x00007ffa1d36b000 	C:\WINDOWS\System32\wintypes.dll
0x00007ffa1aa30000 - 0x00007ffa1b28d000 	C:\WINDOWS\SYSTEM32\windows.storage.dll
0x00007ffa1f120000 - 0x00007ffa1f212000 	C:\WINDOWS\System32\SHCORE.dll
0x00007ffa1f400000 - 0x00007ffa1f467000 	C:\WINDOWS\System32\shlwapi.dll
0x00007ffa1cd50000 - 0x00007ffa1cd79000 	C:\WINDOWS\SYSTEM32\profapi.dll
0x00007ff9ffc90000 - 0x00007ff9ffca8000 	c:\Users\78747\.vscode\extensions\redhat.java-1.47.0-win32-x64\jre\21.0.8-win32-x86_64\bin\zip.dll
0x00007ffa0daf0000 - 0x00007ffa0db00000 	C:\Users\78747\.vscode\extensions\redhat.java-1.47.0-win32-x64\jre\21.0.8-win32-x86_64\bin\net.dll
0x00007ffa12f40000 - 0x00007ffa13068000 	C:\WINDOWS\SYSTEM32\WINHTTP.dll
0x00007ffa1c160000 - 0x00007ffa1c1cb000 	C:\WINDOWS\system32\mswsock.dll
0x00007ff9fd170000 - 0x00007ff9fd186000 	C:\Users\78747\.vscode\extensions\redhat.java-1.47.0-win32-x64\jre\21.0.8-win32-x86_64\bin\nio.dll
0x00007ffa12e10000 - 0x00007ffa12e20000 	c:\Users\78747\.vscode\extensions\redhat.java-1.47.0-win32-x64\jre\21.0.8-win32-x86_64\bin\verify.dll
0x00007ffa12cd0000 - 0x00007ffa12d14000 	C:\Users\78747\AppData\Roaming\Code\User\globalStorage\redhat.java\1.47.0\config_win\org.eclipse.equinox.launcher\org.eclipse.equinox.launcher.win32.win32.x86_64_1.2.1400.v20250801-0854\eclipse_11916.dll
0x00007ffa1dd20000 - 0x00007ffa1deb7000 	C:\WINDOWS\System32\ole32.dll
0x00007ffa1c420000 - 0x00007ffa1c43b000 	C:\WINDOWS\SYSTEM32\CRYPTSP.dll
0x00007ffa1bb20000 - 0x00007ffa1bb5a000 	C:\WINDOWS\system32\rsaenh.dll
0x00007ffa1c210000 - 0x00007ffa1c23b000 	C:\WINDOWS\SYSTEM32\USERENV.dll
0x00007ffa1cd20000 - 0x00007ffa1cd4a000 	C:\WINDOWS\SYSTEM32\bcrypt.dll
0x00007ffa1c440000 - 0x00007ffa1c44c000 	C:\WINDOWS\SYSTEM32\CRYPTBASE.dll
0x00007ffa1b5a0000 - 0x00007ffa1b5d4000 	C:\WINDOWS\SYSTEM32\IPHLPAPI.DLL
0x00007ffa1f810000 - 0x00007ffa1f81a000 	C:\WINDOWS\System32\NSI.dll
0x00007ffa0d300000 - 0x00007ffa0d349000 	C:\Users\78747\AppData\Local\Temp\jna-52516473\jna79345141632272194.dll
0x00007ffa1f840000 - 0x00007ffa1f848000 	C:\WINDOWS\System32\PSAPI.DLL
0x00007ffa12d50000 - 0x00007ffa12d6e000 	C:\WINDOWS\SYSTEM32\dhcpcsvc6.DLL
0x00007ffa12d20000 - 0x00007ffa12d43000 	C:\WINDOWS\SYSTEM32\dhcpcsvc.DLL
0x00007ffa12ab0000 - 0x00007ffa12ad7000 	C:\Users\78747\.gradle\native\1def1411415f61bf3af743bc5b6707747c0891f09f0c88961ee8f79bc544acac\windows-amd64\native-platform.dll
0x00007ffa12ea0000 - 0x00007ffa12eaa000 	C:\Users\78747\.vscode\extensions\redhat.java-1.47.0-win32-x64\jre\21.0.8-win32-x86_64\bin\management.dll
0x00007ffa12e90000 - 0x00007ffa12e9b000 	C:\Users\78747\.vscode\extensions\redhat.java-1.47.0-win32-x64\jre\21.0.8-win32-x86_64\bin\management_ext.dll
0x00007ffa12c70000 - 0x00007ffa12c79000 	C:\Users\78747\.vscode\extensions\redhat.java-1.47.0-win32-x64\jre\21.0.8-win32-x86_64\bin\extnet.dll
0x00007ffa12c80000 - 0x00007ffa12c8e000 	C:\Users\78747\.vscode\extensions\redhat.java-1.47.0-win32-x64\jre\21.0.8-win32-x86_64\bin\sunmscapi.dll
0x00007ffa1cef0000 - 0x00007ffa1d067000 	C:\WINDOWS\System32\CRYPT32.dll
0x00007ffa1c640000 - 0x00007ffa1c670000 	C:\WINDOWS\SYSTEM32\ncrypt.dll
0x00007ffa1c5f0000 - 0x00007ffa1c62f000 	C:\WINDOWS\SYSTEM32\NTASN1.dll
0x00007ffa03020000 - 0x00007ffa03028000 	C:\WINDOWS\system32\wshunix.dll
0x00007ffa1b630000 - 0x00007ffa1b75c000 	C:\WINDOWS\SYSTEM32\DNSAPI.dll
0x00007ffa16f60000 - 0x00007ffa16f6b000 	C:\Windows\System32\rasadhlp.dll
0x00007ffa0ee60000 - 0x00007ffa0eee6000 	C:\WINDOWS\System32\fwpuclnt.dll

JVMTI agents:
c:\Users\78747\.vscode\extensions\redhat.java-1.47.0-win32-x64\lombok\lombok-1.18.39-4050.jar path:c:\Users\78747\.vscode\extensions\redhat.java-1.47.0-win32-x64\jre\21.0.8-win32-x86_64\bin\instrument.dll, loaded, initialized, instrumentlib options:none

dbghelp: loaded successfully - version: 4.0.5 - missing functions: none
symbol engine: initialized successfully - sym options: 0x614 - pdb path: .;c:\Users\78747\.vscode\extensions\redhat.java-1.47.0-win32-x64\jre\21.0.8-win32-x86_64\bin;C:\WINDOWS\SYSTEM32;C:\WINDOWS\WinSxS\amd64_microsoft.windows.common-controls_6595b64144ccf1df_6.0.26100.7019_none_3e06ffa0e335b8a8;c:\Users\78747\.vscode\extensions\redhat.java-1.47.0-win32-x64\jre\21.0.8-win32-x86_64\bin\server;C:\Users\78747\AppData\Roaming\Code\User\globalStorage\redhat.java\1.47.0\config_win\org.eclipse.equinox.launcher\org.eclipse.equinox.launcher.win32.win32.x86_64_1.2.1400.v20250801-0854;C:\Users\78747\AppData\Local\Temp\jna-52516473;C:\Users\78747\.gradle\native\1def1411415f61bf3af743bc5b6707747c0891f09f0c88961ee8f79bc544acac\windows-amd64

VM Arguments:
jvm_args: --add-modules=ALL-SYSTEM --add-opens=java.base/java.util=ALL-UNNAMED --add-opens=java.base/java.lang=ALL-UNNAMED --add-opens=java.base/sun.nio.fs=ALL-UNNAMED -Declipse.application=org.eclipse.jdt.ls.core.id1 -Dosgi.bundles.defaultStartLevel=4 -Declipse.product=org.eclipse.jdt.ls.core.product -Djava.import.generatesMetadataFilesAtProjectRoot=false -DDetectVMInstallationsJob.disabled=true -Dfile.encoding=utf8 -XX:+UseParallelGC -XX:GCTimeRatio=4 -XX:AdaptiveSizePolicyWeight=90 -Dsun.zip.disableMemoryMapping=true -Xmx2G -Xms100m -Xlog:disable -javaagent:c:\Users\78747\.vscode\extensions\redhat.java-1.47.0-win32-x64\lombok\lombok-1.18.39-4050.jar -XX:+HeapDumpOnOutOfMemoryError -XX:HeapDumpPath=c:\Users\78747\AppData\Roaming\Code\User\workspaceStorage\fbbe36b2f05f1eb0dd4d66b2b1bc10ba\redhat.java -Daether.dependencyCollector.impl=bf 
java_command: c:\Users\78747\.vscode\extensions\redhat.java-1.47.0-win32-x64\server\plugins\org.eclipse.equinox.launcher_1.7.100.v20251014-1222.jar -configuration c:\Users\78747\AppData\Roaming\Code\User\globalStorage\redhat.java\1.47.0\config_win -data c:\Users\78747\AppData\Roaming\Code\User\workspaceStorage\fbbe36b2f05f1eb0dd4d66b2b1bc10ba\redhat.java\jdt_ws --pipe=\\.\pipe\lsp-96d497b9098a365e0b88435547a3dd82-sock
java_class_path (initial): c:\Users\78747\.vscode\extensions\redhat.java-1.47.0-win32-x64\server\plugins\org.eclipse.equinox.launcher_1.7.100.v20251014-1222.jar
Launcher Type: SUN_STANDARD

[Global flags]
    uintx AdaptiveSizePolicyWeight                 = 90                                        {product} {command line}
     intx CICompilerCount                          = 4                                         {product} {ergonomic}
    uintx GCTimeRatio                              = 4                                         {product} {command line}
     bool HeapDumpOnOutOfMemoryError               = true                                   {manageable} {command line}
    ccstr HeapDumpPath                             = c:\Users\78747\AppData\Roaming\Code\User\workspaceStorage\fbbe36b2f05f1eb0dd4d66b2b1bc10ba\redhat.java         {manageable} {command line}
   size_t InitialHeapSize                          = 104857600                                 {product} {command line}
   size_t MaxHeapSize                              = 2147483648                                {product} {command line}
   size_t MaxNewSize                               = 715653120                                 {product} {ergonomic}
   size_t MinHeapDeltaBytes                        = 524288                                    {product} {ergonomic}
   size_t MinHeapSize                              = 104857600                                 {product} {command line}
   size_t NewSize                                  = 34603008                                  {product} {ergonomic}
    uintx NonNMethodCodeHeapSize                   = 5839372                                {pd product} {ergonomic}
    uintx NonProfiledCodeHeapSize                  = 122909434                              {pd product} {ergonomic}
   size_t OldSize                                  = 70254592                                  {product} {ergonomic}
    uintx ProfiledCodeHeapSize                     = 122909434                              {pd product} {ergonomic}
    uintx ReservedCodeCacheSize                    = 251658240                              {pd product} {ergonomic}
     bool SegmentedCodeCache                       = true                                      {product} {ergonomic}
   size_t SoftMaxHeapSize                          = 2147483648                             {manageable} {ergonomic}
     bool UseCompressedOops                        = true                           {product lp64_product} {ergonomic}
     bool UseLargePagesIndividualAllocation        = false                                  {pd product} {ergonomic}
     bool UseParallelGC                            = true                                      {product} {command line}

Logging:
Log output configuration:
 #0: stdout all=off uptime,level,tags foldmultilines=false
 #1: stderr all=off uptime,level,tags foldmultilines=false

Environment Variables:
JAVA_HOME=C:\Program Files\Eclipse Adoptium\jdk-17.0.17.10-hotspot
PATH=C:\Program Files\Eclipse Adoptium\jdk-17.0.17.10-hotspot\bin;C:\Program Files\Microsoft\jdk-11.0.16.101-hotspot\bin;C:\ProgramData\Oracle\Java\javapath;C:\Program Files\Common Files\Oracle\Java\javapath;C:\Program Files (x86)\Common Files\Oracle\Java\javapath;C:\Windows\system32;C:\Windows;C:\Windows\System32\Wbem;C:\Windows\System32\WindowsPowerShell\v1.0\;C:\Windows\System32\OpenSSH\;C:\Program Files (x86)\NVIDIA Corporation\PhysX\Common;C:\Program Files\NVIDIA Corporation\NVIDIA NvDLISR;C:\MinGW\bin;C:\Program Files\Git\cmd;C:\Program Files\dotnet\;C:\WINDOWS\system32;C:\WINDOWS;C:\WINDOWS\System32\Wbem;C:\WINDOWS\System32\WindowsPowerShell\v1.0\;C:\WINDOWS\System32\OpenSSH\;C:\Program Files\Java\jdk-11\bin;C:\Users\78747\AppData\Roaming\nvm;C:\Program Files\nodejs;C:\Program Files\Docker\Docker\resources\bin;C:\Program Files\Neovim\bin;C:\Program Files\Go\bin;C:\ProgramData\chocolatey\bin;C:\ProgramData\chocolatey;C:\Program Files\nodejs\;D:\terra;C:\Users\78747\AppData\Local\pnpm;C:\Users\78747\.cargo\bin;C:\Users\78747\AppData\Local\Programs\Python\Python310\Scripts\;C:\Users\78747\AppData\Local\Programs\Python\Python310\;C:\Users\78747\AppData\Local\Microsoft\WindowsApps;C:\Users\78747\AppData\Local\Programs\Microsoft VS Code\bin;C:\Users\78747\AppData\Local\Android\Sdk\platform-tools;D:\downod\flutter_windows_3.7.3-stable\flutter\bin;C:\Users\78747\AppData\Roaming\nvm;C:\Program Files\nodejs;C:\Users\78747\go\bin;D:\cursor\cursor\resources\app\bin;C:\Users\78747\AppData\Local\Google\Cloud SDK\google-cloud-sdk\bin;C:\Program Files\OpenSSL-Win64\bin;C:\Users\78747\AppData\Local\Microsoft\WinGet\Links;C:\Users\78747\AppData\Roaming\npm;C:\Program Files (x86)\Nmap;D:\terra;C:\Users\78747\AppData\Local\Programs\Antigravity\bin
USERNAME=78747
OS=Windows_NT
PROCESSOR_IDENTIFIER=Intel64 Family 6 Model 165 Stepping 2, GenuineIntel
TMP=C:\Users\78747\AppData\Local\Temp
TEMP=C:\Users\78747\AppData\Local\Temp




Periodic native trim disabled

---------------  S Y S T E M  ---------------

OS:
 Windows 11 , 64 bit Build 26100 (10.0.26100.7019)
OS uptime: 7 days 15:18 hours
Hyper-V role detected

CPU: total 8 (initial active 8) (4 cores per cpu, 2 threads per core) family 6 model 165 stepping 2 microcode 0xe0, cx8, cmov, fxsr, ht, mmx, 3dnowpref, sse, sse2, sse3, ssse3, sse4.1, sse4.2, popcnt, lzcnt, tsc, tscinvbit, avx, avx2, aes, erms, clmul, bmi1, bmi2, adx, fma, vzeroupper, clflush, clflushopt, hv, rdtscp, f16c
Processor Information for the first 8 processors :
  Max Mhz: 2496, Current Mhz: 2496, Mhz Limit: 2496

Memory: 4k page, system-wide physical 8029M (609M free)
TotalPageFile size 32605M (AvailPageFile size 3M)
current process WorkingSet (physical memory assigned to process): 595M, peak: 729M
current process commit charge ("private bytes"): 773M, peak: 806M

vm_info: OpenJDK 64-Bit Server VM (21.0.8+9-LTS) for windows-amd64 JRE (21.0.8+9-LTS), built on 2025-07-15T00:00:00Z by "admin" with MS VC++ 17.7 (VS2022)

END.
