#
# There is insufficient memory for the Java Runtime Environment to continue.
# Native memory allocation (malloc) failed to allocate 1048576 bytes. Error detail: AllocateHeap
# Possible reasons:
#   The system is out of physical RAM or swap space
#   This process is running with CompressedOops enabled, and the Java Heap may be blocking the growth of the native heap
# Possible solutions:
#   Reduce memory load on the system
#   Increase physical memory or swap space
#   Check if swap backing store is full
#   Decrease Java heap size (-Xmx/-Xms)
#   Decrease number of Java threads
#   Decrease Java thread stack sizes (-Xss)
#   Set larger code cache with -XX:ReservedCodeCacheSize=
#   JVM is running with Unscaled Compressed Oops mode in which the Java heap is
#     placed in the first 4GB address space. The Java Heap base address is the
#     maximum limit for the native heap growth. Please use -XX:HeapBaseMinAddress
#     to set the Java Heap base and to place the Java Heap above 4GB virtual address.
# This output file may be truncated or incomplete.
#
#  Out of Memory Error (allocation.cpp:44), pid=23344, tid=8416
#
# JRE version: OpenJDK Runtime Environment Temurin-21.0.8+9 (21.0.8+9) (build 21.0.8+9-LTS)
# Java VM: OpenJDK 64-Bit Server VM Temurin-21.0.8+9 (21.0.8+9-LTS, mixed mode, sharing, tiered, compressed oops, compressed class ptrs, parallel gc, windows-amd64)
# No core dump will be written. Minidumps are not enabled by default on client versions of Windows
#

---------------  S U M M A R Y ------------

Command Line: --add-modules=ALL-SYSTEM --add-opens=java.base/java.util=ALL-UNNAMED --add-opens=java.base/java.lang=ALL-UNNAMED --add-opens=java.base/sun.nio.fs=ALL-UNNAMED -Declipse.application=org.eclipse.jdt.ls.core.id1 -Dosgi.bundles.defaultStartLevel=4 -Declipse.product=org.eclipse.jdt.ls.core.product -Djava.import.generatesMetadataFilesAtProjectRoot=false -DDetectVMInstallationsJob.disabled=true -Dfile.encoding=utf8 -XX:+UseParallelGC -XX:GCTimeRatio=4 -XX:AdaptiveSizePolicyWeight=90 -Dsun.zip.disableMemoryMapping=true -Xmx2G -Xms100m -Xlog:disable -javaagent:c:\Users\78747\.vscode\extensions\redhat.java-1.47.0-win32-x64\lombok\lombok-1.18.39-4050.jar -XX:+HeapDumpOnOutOfMemoryError -XX:HeapDumpPath=c:\Users\78747\AppData\Roaming\Code\User\workspaceStorage\fbbe36b2f05f1eb0dd4d66b2b1bc10ba\redhat.java -Daether.dependencyCollector.impl=bf c:\Users\78747\.vscode\extensions\redhat.java-1.47.0-win32-x64\server\plugins\org.eclipse.equinox.launcher_1.7.100.v20251014-1222.jar -configuration c:\Users\78747\AppData\Roaming\Code\User\globalStorage\redhat.java\1.47.0\config_win -data c:\Users\78747\AppData\Roaming\Code\User\workspaceStorage\fbbe36b2f05f1eb0dd4d66b2b1bc10ba\redhat.java\jdt_ws --pipe=\\.\pipe\lsp-877dad749795d2a63f4d59224f9ee0f4-sock

Host: Intel(R) Core(TM) i5-10300H CPU @ 2.50GHz, 8 cores, 7G,  Windows 11 , 64 bit Build 26100 (10.0.26100.7019)
Time: Sun Dec 14 16:37:12 2025 India Standard Time elapsed time: 11512.270082 seconds (0d 3h 11m 52s)

---------------  T H R E A D  ---------------

Current thread (0x00000198805c6220):  JavaThread "Attach Listener" daemon [_thread_in_vm, id=8416, stack(0x00000062e0500000,0x00000062e0600000) (1024K)]

Stack: [0x00000062e0500000,0x00000062e0600000]
Native frames: (J=compiled Java code, j=interpreted, Vv=VM code, C=native code)
V  [jvm.dll+0x6d2449]
V  [jvm.dll+0x8ae341]
V  [jvm.dll+0x8b08be]
V  [jvm.dll+0x8b0fa3]
V  [jvm.dll+0x280c96]
V  [jvm.dll+0xc0347]
V  [jvm.dll+0x6d2cf9]
V  [jvm.dll+0x131116]
V  [jvm.dll+0x3f2d16]
V  [jvm.dll+0x857e6b]
V  [jvm.dll+0x6d0b0d]
C  [ucrtbase.dll+0x37b0]
C  [KERNEL32.DLL+0x2e8d7]
C  [ntdll.dll+0x8c53c]


---------------  P R O C E S S  ---------------

Threads class SMR info:
_java_thread_list=0x00000198e5ed09d0, length=42, elements={
0x00000198e7d4e7f0, 0x00000198805be490, 0x00000198805c0a60, 0x00000198805c4210,
0x00000198805c6220, 0x00000198805c8d80, 0x00000198805c97d0, 0x00000198805ca600,
0x00000198c7031040, 0x00000198c70cee90, 0x00000198c72768c0, 0x00000198c7cafa10,
0x00000198c7a568a0, 0x00000198c7a38e40, 0x00000198c7a40a60, 0x00000198c81adbc0,
0x00000198c7d73240, 0x00000198c7db4e50, 0x00000198c7db47c0, 0x00000198c7db26f0,
0x00000198c7db2d80, 0x00000198c9c87d90, 0x00000198c9c89140, 0x00000198c9c8a4f0,
0x00000198c9c87700, 0x00000198c9c87070, 0x00000198c9c897d0, 0x00000198c9c8b8a0,
0x00000198c9c88420, 0x00000198c9c8ab80, 0x00000198c9c8b210, 0x00000198c9c8bf30,
0x00000198c9c88ab0, 0x00000198cb3633e0, 0x00000198cb368930, 0x00000198cb365b40,
0x00000198cb3682a0, 0x00000198c9c8d2e0, 0x00000198cc12ee40, 0x00000198cc12b9c0,
0x00000198cc1322c0, 0x00000198cf5b9970
}

Java Threads: ( => current thread )
  0x00000198e7d4e7f0 JavaThread "main"                              [_thread_blocked, id=13812, stack(0x00000062dfe00000,0x00000062dff00000) (1024K)]
  0x00000198805be490 JavaThread "Reference Handler"          daemon [_thread_blocked, id=10980, stack(0x00000062e0200000,0x00000062e0300000) (1024K)]
  0x00000198805c0a60 JavaThread "Finalizer"                  daemon [_thread_blocked, id=24672, stack(0x00000062e0300000,0x00000062e0400000) (1024K)]
  0x00000198805c4210 JavaThread "Signal Dispatcher"          daemon [_thread_blocked, id=19804, stack(0x00000062e0400000,0x00000062e0500000) (1024K)]
=>0x00000198805c6220 JavaThread "Attach Listener"            daemon [_thread_in_vm, id=8416, stack(0x00000062e0500000,0x00000062e0600000) (1024K)]
  0x00000198805c8d80 JavaThread "Service Thread"             daemon [_thread_blocked, id=19084, stack(0x00000062e0600000,0x00000062e0700000) (1024K)]
  0x00000198805c97d0 JavaThread "Monitor Deflation Thread"   daemon [_thread_blocked, id=18068, stack(0x00000062e0700000,0x00000062e0800000) (1024K)]
  0x00000198805ca600 JavaThread "C2 CompilerThread0"         daemon [_thread_blocked, id=10096, stack(0x00000062e0800000,0x00000062e0900000) (1024K)]
  0x00000198c7031040 JavaThread "C1 CompilerThread0"         daemon [_thread_blocked, id=22288, stack(0x00000062e0900000,0x00000062e0a00000) (1024K)]
  0x00000198c70cee90 JavaThread "Common-Cleaner"             daemon [_thread_blocked, id=2012, stack(0x00000062e0a00000,0x00000062e0b00000) (1024K)]
  0x00000198c72768c0 JavaThread "Notification Thread"        daemon [_thread_blocked, id=18040, stack(0x00000062e0b00000,0x00000062e0c00000) (1024K)]
  0x00000198c7cafa10 JavaThread "Active Thread: Equinox Container: 781ffe3e-8ef6-46eb-802d-f31236d4edf6"        [_thread_blocked, id=3916, stack(0x00000062e1400000,0x00000062e1500000) (1024K)]
  0x00000198c7a568a0 JavaThread "Refresh Thread: Equinox Container: 781ffe3e-8ef6-46eb-802d-f31236d4edf6" daemon [_thread_blocked, id=19400, stack(0x00000062e1500000,0x00000062e1600000) (1024K)]
  0x00000198c7a38e40 JavaThread "Framework Event Dispatcher: Equinox Container: 781ffe3e-8ef6-46eb-802d-f31236d4edf6" daemon [_thread_blocked, id=9552, stack(0x00000062e1700000,0x00000062e1800000) (1024K)]
  0x00000198c7a40a60 JavaThread "Start Level: Equinox Container: 781ffe3e-8ef6-46eb-802d-f31236d4edf6" daemon [_thread_blocked, id=19608, stack(0x00000062e1800000,0x00000062e1900000) (1024K)]
  0x00000198c81adbc0 JavaThread "Bundle File Closer"         daemon [_thread_blocked, id=23992, stack(0x00000062e1900000,0x00000062e1a00000) (1024K)]
  0x00000198c7d73240 JavaThread "SCR Component Actor"        daemon [_thread_blocked, id=11688, stack(0x00000062e1a00000,0x00000062e1b00000) (1024K)]
  0x00000198c7db4e50 JavaThread "Worker-JM"                         [_thread_blocked, id=15464, stack(0x00000062e1b00000,0x00000062e1c00000) (1024K)]
  0x00000198c7db47c0 JavaThread "Java indexing"              daemon [_thread_blocked, id=17264, stack(0x00000062e1e00000,0x00000062e1f00000) (1024K)]
  0x00000198c7db26f0 JavaThread "Worker-2"                          [_thread_blocked, id=10008, stack(0x00000062e1f00000,0x00000062e2000000) (1024K)]
  0x00000198c7db2d80 JavaThread "JNA Cleaner"                daemon [_thread_blocked, id=20772, stack(0x00000062e2000000,0x00000062e2100000) (1024K)]
  0x00000198c9c87d90 JavaThread "Thread-1"                   daemon [_thread_in_native, id=22544, stack(0x00000062e2600000,0x00000062e2700000) (1024K)]
  0x00000198c9c89140 JavaThread "Thread-2"                   daemon [_thread_in_native, id=21552, stack(0x00000062e2700000,0x00000062e2800000) (1024K)]
  0x00000198c9c8a4f0 JavaThread "Thread-3"                   daemon [_thread_in_native, id=20340, stack(0x00000062e2800000,0x00000062e2900000) (1024K)]
  0x00000198c9c87700 JavaThread "Thread-4"                   daemon [_thread_in_native, id=23068, stack(0x00000062e2900000,0x00000062e2a00000) (1024K)]
  0x00000198c9c87070 JavaThread "Thread-5"                   daemon [_thread_in_native, id=23812, stack(0x00000062e2a00000,0x00000062e2b00000) (1024K)]
  0x00000198c9c897d0 JavaThread "Thread-6"                   daemon [_thread_in_native, id=18408, stack(0x00000062e2b00000,0x00000062e2c00000) (1024K)]
  0x00000198c9c8b8a0 JavaThread "Thread-7"                   daemon [_thread_in_native, id=16884, stack(0x00000062e2c00000,0x00000062e2d00000) (1024K)]
  0x00000198c9c88420 JavaThread "Thread-8"                   daemon [_thread_in_native, id=24068, stack(0x00000062e2d00000,0x00000062e2e00000) (1024K)]
  0x00000198c9c8ab80 JavaThread "Thread-9"                   daemon [_thread_in_native, id=22836, stack(0x00000062e2e00000,0x00000062e2f00000) (1024K)]
  0x00000198c9c8b210 JavaThread "pool-2-thread-1"                   [_thread_blocked, id=10956, stack(0x00000062e2f00000,0x00000062e3000000) (1024K)]
  0x00000198c9c8bf30 JavaThread "WorkspaceEventsHandler"            [_thread_blocked, id=11492, stack(0x00000062e3000000,0x00000062e3100000) (1024K)]
  0x00000198c9c88ab0 JavaThread "pool-1-thread-1"                   [_thread_blocked, id=20920, stack(0x00000062e3100000,0x00000062e3200000) (1024K)]
  0x00000198cb3633e0 JavaThread "Timer-0"                           [_thread_blocked, id=7512, stack(0x00000062e0d00000,0x00000062e0e00000) (1024K)]
  0x00000198cb368930 JavaThread "Timer-1"                           [_thread_blocked, id=5344, stack(0x00000062e3c00000,0x00000062e3d00000) (1024K)]
  0x00000198cb365b40 JavaThread "Timer-2"                           [_thread_blocked, id=9076, stack(0x00000062e3d00000,0x00000062e3e00000) (1024K)]
  0x00000198cb3682a0 JavaThread "Timer-3"                           [_thread_blocked, id=24624, stack(0x00000062e3f00000,0x00000062e4000000) (1024K)]
  0x00000198c9c8d2e0 JavaThread "Timer-4"                           [_thread_blocked, id=21656, stack(0x00000062e4000000,0x00000062e4100000) (1024K)]
  0x00000198cc12ee40 JavaThread "Timer-5"                           [_thread_blocked, id=19420, stack(0x00000062e0c00000,0x00000062e0d00000) (1024K)]
  0x00000198cc12b9c0 JavaThread "Timer-6"                           [_thread_blocked, id=11896, stack(0x00000062e3500000,0x00000062e3600000) (1024K)]
  0x00000198cc1322c0 JavaThread "Timer-7"                           [_thread_blocked, id=24772, stack(0x00000062e3700000,0x00000062e3800000) (1024K)]
  0x00000198cf5b9970 JavaThread "Worker-12"                         [_thread_blocked, id=3508, stack(0x00000062dfd00000,0x00000062dfe00000) (1024K)]
Total: 42

Other Threads:
  0x00000198805a2530 VMThread "VM Thread"                           [id=2352, stack(0x00000062e0100000,0x00000062e0200000) (1024K)]
  0x00000198804dba00 WatcherThread "VM Periodic Task Thread"        [id=5856, stack(0x00000062e0000000,0x00000062e0100000) (1024K)]
  0x00000198e7d6cf50 WorkerThread "GC Thread#0"                     [id=15484, stack(0x00000062dff00000,0x00000062e0000000) (1024K)]
  0x00000198c76f2750 WorkerThread "GC Thread#1"                     [id=15748, stack(0x00000062e0e00000,0x00000062e0f00000) (1024K)]
  0x00000198c7a5cff0 WorkerThread "GC Thread#2"                     [id=23648, stack(0x00000062e0f00000,0x00000062e1000000) (1024K)]
  0x00000198c7a5d390 WorkerThread "GC Thread#3"                     [id=23224, stack(0x00000062e1000000,0x00000062e1100000) (1024K)]
  0x00000198c7a5d730 WorkerThread "GC Thread#4"                     [id=7508, stack(0x00000062e1100000,0x00000062e1200000) (1024K)]
  0x00000198c7a5dad0 WorkerThread "GC Thread#5"                     [id=25624, stack(0x00000062e1200000,0x00000062e1300000) (1024K)]
  0x00000198c7a5de70 WorkerThread "GC Thread#6"                     [id=15400, stack(0x00000062e1300000,0x00000062e1400000) (1024K)]
  0x00000198c7a57310 WorkerThread "GC Thread#7"                     [id=15940, stack(0x00000062e1600000,0x00000062e1700000) (1024K)]
Total: 10

Threads with active compile tasks:
Total: 0

VM state: not at safepoint (normal execution)

VM Mutex/Monitor currently owned by a thread: None

Heap address: 0x0000000080000000, size: 2048 MB, Compressed Oops mode: 32-bit

CDS archive(s) mapped at: [0x0000019881000000-0x0000019881ba0000-0x0000019881ba0000), size 12189696, SharedBaseAddress: 0x0000019881000000, ArchiveRelocationMode: 1.
Compressed class space mapped at: 0x0000019882000000-0x00000198c2000000, reserved size: 1073741824
Narrow klass base: 0x0000019881000000, Narrow klass shift: 0, Narrow klass range: 0x100000000

GC Precious Log:
 CardTable entry size: 512
 CPUs: 8 total, 8 available
 Memory: 8029M
 Large Page Support: Disabled
 NUMA Support: Disabled
 Compressed Oops: Enabled (32-bit)
 Alignments: Space 512K, Generation 512K, Heap 2M
 Heap Min Capacity: 100M
 Heap Initial Capacity: 100M
 Heap Max Capacity: 2G
 Pre-touch: Disabled
 Parallel Workers: 8

Heap:
 PSYoungGen      total 9216K, used 3320K [0x00000000d5580000, 0x00000000d6000000, 0x0000000100000000)
  eden space 8704K, 35% used [0x00000000d5580000,0x00000000d5886210,0x00000000d5e00000)
  from space 512K, 43% used [0x00000000d5f80000,0x00000000d5fb8000,0x00000000d6000000)
  to   space 512K, 0% used [0x00000000d5f00000,0x00000000d5f00000,0x00000000d5f80000)
 ParOldGen       total 1009664K, used 1009300K [0x0000000080000000, 0x00000000bda00000, 0x00000000d5580000)
  object space 1009664K, 99% used [0x0000000080000000,0x00000000bd9a5080,0x00000000bda00000)
 Metaspace       used 87039K, committed 88704K, reserved 1179648K
  class space    used 10358K, committed 11136K, reserved 1048576K

Card table byte_map: [0x00000198fb7e0000,0x00000198fbbf0000] _byte_map_base: 0x00000198fb3e0000

Marking Bits: (ParMarkBitMap*) 0x00007ff9615fa340
 Begin Bits: [0x00000198fbea0000, 0x00000198fdea0000)
 End Bits:   [0x00000198fdea0000, 0x00000198ffea0000)

Polling page: 0x00000198e7ab0000

Metaspace:

Usage:
  Non-class:     74.88 MB used.
      Class:     10.12 MB used.
       Both:     85.00 MB used.

Virtual space:
  Non-class space:      128.00 MB reserved,      75.75 MB ( 59%) committed,  2 nodes.
      Class space:        1.00 GB reserved,      10.88 MB (  1%) committed,  1 nodes.
             Both:        1.12 GB reserved,      86.62 MB (  8%) committed. 

Chunk freelists:
   Non-Class:  3.58 MB
       Class:  4.98 MB
        Both:  8.56 MB

MaxMetaspaceSize: unlimited
CompressedClassSpaceSize: 1.00 GB
Initial GC threshold: 21.00 MB
Current GC threshold: 131.06 MB
CDS: on
 - commit_granule_bytes: 65536.
 - commit_granule_words: 8192.
 - virtual_space_node_default_size: 8388608.
 - enlarge_chunks_in_place: 1.
 - use_allocation_guard: 0.


Internal statistics:

num_allocs_failed_limit: 9.
num_arena_births: 1552.
num_arena_deaths: 14.
num_vsnodes_births: 3.
num_vsnodes_deaths: 0.
num_space_committed: 1386.
num_space_uncommitted: 0.
num_chunks_returned_to_freelist: 23.
num_chunks_taken_from_freelist: 5291.
num_chunk_merges: 10.
num_chunk_splits: 3404.
num_chunks_enlarged: 2155.
num_inconsistent_stats: 0.

CodeHeap 'non-profiled nmethods': size=120000Kb used=15460Kb max_used=15646Kb free=104539Kb
 bounds [0x00000198f40d0000, 0x00000198f5020000, 0x00000198fb600000]
CodeHeap 'profiled nmethods': size=120000Kb used=27217Kb max_used=27217Kb free=92782Kb
 bounds [0x00000198ec600000, 0x00000198ee0a0000, 0x00000198f3b30000]
CodeHeap 'non-nmethods': size=5760Kb used=1497Kb max_used=1608Kb free=4262Kb
 bounds [0x00000198f3b30000, 0x00000198f3da0000, 0x00000198f40d0000]
CodeCache: size=245760Kb, used=44174Kb, max_used=44471Kb, free=201583Kb
 total_blobs=13116, nmethods=12304, adapters=717, full_count=0
Compilation: enabled, stopped_count=0, restarted_count=0

Compilation events (20 events):
Event: 7386.049 Thread 0x00000198c7031040 15450   !   3       org.eclipse.osgi.container.ModuleDatabase::getTimestamp (25 bytes)
Event: 7386.081 Thread 0x00000198c7031040 nmethod 15450 0x00000198ee092e90 code [0x00000198ee0930e0, 0x00000198ee093a28]
Event: 7430.243 Thread 0x00000198805ca600 15451       4       java.util.concurrent.locks.AbstractQueuedSynchronizer$ConditionObject::canReacquire (38 bytes)
Event: 7430.245 Thread 0x00000198805ca600 nmethod 15451 0x00000198f47d5190 code [0x00000198f47d5320, 0x00000198f47d5400]
Event: 7506.041 Thread 0x00000198c7031040 15452       3       org.eclipse.osgi.storage.Storage::isReadOnly (10 bytes)
Event: 7506.046 Thread 0x00000198c7031040 nmethod 15452 0x00000198ee093e90 code [0x00000198ee094040, 0x00000198ee0941c0]
Event: 7596.045 Thread 0x00000198c7031040 15453       3       java.util.concurrent.locks.AbstractQueuedSynchronizer::acquire (20 bytes)
Event: 7596.046 Thread 0x00000198c7031040 nmethod 15453 0x00000198ee094290 code [0x00000198ee094460, 0x00000198ee0946d0]
Event: 7686.049 Thread 0x00000198c7031040 15454   !   3       org.eclipse.osgi.internal.framework.StorageSaver$StorageSaverTask::run (31 bytes)
Event: 7686.070 Thread 0x00000198c7031040 nmethod 15454 0x00000198ee094790 code [0x00000198ee094960, 0x00000198ee094c00]
Event: 7686.070 Thread 0x00000198c7031040 15455   !   3       org.eclipse.osgi.storage.Storage::save (62 bytes)
Event: 7686.075 Thread 0x00000198c7031040 nmethod 15455 0x00000198ee094d90 code [0x00000198ee094f80, 0x00000198ee0952f0]
Event: 7699.392 Thread 0x00000198c7031040 15456       3       java.util.logging.Logger::getLogger (8 bytes)
Event: 7699.394 Thread 0x00000198c7031040 nmethod 15456 0x00000198ee095490 code [0x00000198ee095660, 0x00000198ee095820]
Event: 7699.394 Thread 0x00000198c7031040 15457       3       java.util.logging.Logger::getLogger (7 bytes)
Event: 7699.394 Thread 0x00000198c7031040 nmethod 15457 0x00000198ee095910 code [0x00000198ee095ac0, 0x00000198ee095be8]
Event: 7699.394 Thread 0x00000198c7031040 15458       3       java.util.logging.Logger::demandLogger (36 bytes)
Event: 7699.401 Thread 0x00000198c7031040 nmethod 15458 0x00000198ee095c90 code [0x00000198ee095f20, 0x00000198ee0969d0]
Event: 10100.527 Thread 0x00000198805ca600 15459       4       java.util.concurrent.ScheduledThreadPoolExecutor::canRunInCurrentRunState (61 bytes)
Event: 10100.547 Thread 0x00000198805ca600 nmethod 15459 0x00000198f47d4e10 code [0x00000198f47d4fa0, 0x00000198f47d5068]

GC Heap History (20 events):
Event: 1033.210 GC heap before
{Heap before GC invocations=3156 (full 5):
 PSYoungGen      total 9216K, used 8928K [0x00000000d5580000, 0x00000000d6000000, 0x0000000100000000)
  eden space 8704K, 100% used [0x00000000d5580000,0x00000000d5e00000,0x00000000d5e00000)
  from space 512K, 43% used [0x00000000d5f80000,0x00000000d5fb8000,0x00000000d6000000)
  to   space 512K, 0% used [0x00000000d5f00000,0x00000000d5f00000,0x00000000d5f80000)
 ParOldGen       total 1009152K, used 1009107K [0x0000000080000000, 0x00000000bd980000, 0x00000000d5580000)
  object space 1009152K, 99% used [0x0000000080000000,0x00000000bd974ed0,0x00000000bd980000)
 Metaspace       used 86615K, committed 88320K, reserved 1179648K
  class space    used 10308K, committed 11072K, reserved 1048576K
}
Event: 1033.212 GC heap after
{Heap after GC invocations=3156 (full 5):
 PSYoungGen      total 9216K, used 160K [0x00000000d5580000, 0x00000000d6000000, 0x0000000100000000)
  eden space 8704K, 0% used [0x00000000d5580000,0x00000000d5580000,0x00000000d5e00000)
  from space 512K, 31% used [0x00000000d5f00000,0x00000000d5f28000,0x00000000d5f80000)
  to   space 512K, 0% used [0x00000000d5f80000,0x00000000d5f80000,0x00000000d6000000)
 ParOldGen       total 1009152K, used 1009107K [0x0000000080000000, 0x00000000bd980000, 0x00000000d5580000)
  object space 1009152K, 99% used [0x0000000080000000,0x00000000bd974ed0,0x00000000bd980000)
 Metaspace       used 86615K, committed 88320K, reserved 1179648K
  class space    used 10308K, committed 11072K, reserved 1048576K
}
Event: 1033.346 GC heap before
{Heap before GC invocations=3157 (full 5):
 PSYoungGen      total 9216K, used 8864K [0x00000000d5580000, 0x00000000d6000000, 0x0000000100000000)
  eden space 8704K, 100% used [0x00000000d5580000,0x00000000d5e00000,0x00000000d5e00000)
  from space 512K, 31% used [0x00000000d5f00000,0x00000000d5f28000,0x00000000d5f80000)
  to   space 512K, 0% used [0x00000000d5f80000,0x00000000d5f80000,0x00000000d6000000)
 ParOldGen       total 1009152K, used 1009107K [0x0000000080000000, 0x00000000bd980000, 0x00000000d5580000)
  object space 1009152K, 99% used [0x0000000080000000,0x00000000bd974ed0,0x00000000bd980000)
 Metaspace       used 86615K, committed 88320K, reserved 1179648K
  class space    used 10308K, committed 11072K, reserved 1048576K
}
Event: 1033.348 GC heap after
{Heap after GC invocations=3157 (full 5):
 PSYoungGen      total 9216K, used 160K [0x00000000d5580000, 0x00000000d6000000, 0x0000000100000000)
  eden space 8704K, 0% used [0x00000000d5580000,0x00000000d5580000,0x00000000d5e00000)
  from space 512K, 31% used [0x00000000d5f80000,0x00000000d5fa8000,0x00000000d6000000)
  to   space 512K, 0% used [0x00000000d5f00000,0x00000000d5f00000,0x00000000d5f80000)
 ParOldGen       total 1009152K, used 1009107K [0x0000000080000000, 0x00000000bd980000, 0x00000000d5580000)
  object space 1009152K, 99% used [0x0000000080000000,0x00000000bd974ed0,0x00000000bd980000)
 Metaspace       used 86615K, committed 88320K, reserved 1179648K
  class space    used 10308K, committed 11072K, reserved 1048576K
}
Event: 1033.520 GC heap before
{Heap before GC invocations=3158 (full 5):
 PSYoungGen      total 9216K, used 8864K [0x00000000d5580000, 0x00000000d6000000, 0x0000000100000000)
  eden space 8704K, 100% used [0x00000000d5580000,0x00000000d5e00000,0x00000000d5e00000)
  from space 512K, 31% used [0x00000000d5f80000,0x00000000d5fa8000,0x00000000d6000000)
  to   space 512K, 0% used [0x00000000d5f00000,0x00000000d5f00000,0x00000000d5f80000)
 ParOldGen       total 1009152K, used 1009107K [0x0000000080000000, 0x00000000bd980000, 0x00000000d5580000)
  object space 1009152K, 99% used [0x0000000080000000,0x00000000bd974ed0,0x00000000bd980000)
 Metaspace       used 86615K, committed 88320K, reserved 1179648K
  class space    used 10308K, committed 11072K, reserved 1048576K
}
Event: 1033.522 GC heap after
{Heap after GC invocations=3158 (full 5):
 PSYoungGen      total 9216K, used 160K [0x00000000d5580000, 0x00000000d6000000, 0x0000000100000000)
  eden space 8704K, 0% used [0x00000000d5580000,0x00000000d5580000,0x00000000d5e00000)
  from space 512K, 31% used [0x00000000d5f00000,0x00000000d5f28000,0x00000000d5f80000)
  to   space 512K, 0% used [0x00000000d5f80000,0x00000000d5f80000,0x00000000d6000000)
 ParOldGen       total 1009152K, used 1009107K [0x0000000080000000, 0x00000000bd980000, 0x00000000d5580000)
  object space 1009152K, 99% used [0x0000000080000000,0x00000000bd974ed0,0x00000000bd980000)
 Metaspace       used 86615K, committed 88320K, reserved 1179648K
  class space    used 10308K, committed 11072K, reserved 1048576K
}
Event: 1033.677 GC heap before
{Heap before GC invocations=3159 (full 5):
 PSYoungGen      total 9216K, used 8864K [0x00000000d5580000, 0x00000000d6000000, 0x0000000100000000)
  eden space 8704K, 100% used [0x00000000d5580000,0x00000000d5e00000,0x00000000d5e00000)
  from space 512K, 31% used [0x00000000d5f00000,0x00000000d5f28000,0x00000000d5f80000)
  to   space 512K, 0% used [0x00000000d5f80000,0x00000000d5f80000,0x00000000d6000000)
 ParOldGen       total 1009152K, used 1009107K [0x0000000080000000, 0x00000000bd980000, 0x00000000d5580000)
  object space 1009152K, 99% used [0x0000000080000000,0x00000000bd974ed0,0x00000000bd980000)
 Metaspace       used 86615K, committed 88320K, reserved 1179648K
  class space    used 10308K, committed 11072K, reserved 1048576K
}
Event: 1033.678 GC heap after
{Heap after GC invocations=3159 (full 5):
 PSYoungGen      total 9216K, used 160K [0x00000000d5580000, 0x00000000d6000000, 0x0000000100000000)
  eden space 8704K, 0% used [0x00000000d5580000,0x00000000d5580000,0x00000000d5e00000)
  from space 512K, 31% used [0x00000000d5f80000,0x00000000d5fa8000,0x00000000d6000000)
  to   space 512K, 0% used [0x00000000d5f00000,0x00000000d5f00000,0x00000000d5f80000)
 ParOldGen       total 1009152K, used 1009107K [0x0000000080000000, 0x00000000bd980000, 0x00000000d5580000)
  object space 1009152K, 99% used [0x0000000080000000,0x00000000bd974ed0,0x00000000bd980000)
 Metaspace       used 86615K, committed 88320K, reserved 1179648K
  class space    used 10308K, committed 11072K, reserved 1048576K
}
Event: 1033.825 GC heap before
{Heap before GC invocations=3160 (full 5):
 PSYoungGen      total 9216K, used 8864K [0x00000000d5580000, 0x00000000d6000000, 0x0000000100000000)
  eden space 8704K, 100% used [0x00000000d5580000,0x00000000d5e00000,0x00000000d5e00000)
  from space 512K, 31% used [0x00000000d5f80000,0x00000000d5fa8000,0x00000000d6000000)
  to   space 512K, 0% used [0x00000000d5f00000,0x00000000d5f00000,0x00000000d5f80000)
 ParOldGen       total 1009152K, used 1009107K [0x0000000080000000, 0x00000000bd980000, 0x00000000d5580000)
  object space 1009152K, 99% used [0x0000000080000000,0x00000000bd974ed0,0x00000000bd980000)
 Metaspace       used 86615K, committed 88320K, reserved 1179648K
  class space    used 10308K, committed 11072K, reserved 1048576K
}
Event: 1033.827 GC heap after
{Heap after GC invocations=3160 (full 5):
 PSYoungGen      total 9216K, used 160K [0x00000000d5580000, 0x00000000d6000000, 0x0000000100000000)
  eden space 8704K, 0% used [0x00000000d5580000,0x00000000d5580000,0x00000000d5e00000)
  from space 512K, 31% used [0x00000000d5f00000,0x00000000d5f28000,0x00000000d5f80000)
  to   space 512K, 0% used [0x00000000d5f80000,0x00000000d5f80000,0x00000000d6000000)
 ParOldGen       total 1009152K, used 1009107K [0x0000000080000000, 0x00000000bd980000, 0x00000000d5580000)
  object space 1009152K, 99% used [0x0000000080000000,0x00000000bd974ed0,0x00000000bd980000)
 Metaspace       used 86615K, committed 88320K, reserved 1179648K
  class space    used 10308K, committed 11072K, reserved 1048576K
}
Event: 1033.986 GC heap before
{Heap before GC invocations=3161 (full 5):
 PSYoungGen      total 9216K, used 8864K [0x00000000d5580000, 0x00000000d6000000, 0x0000000100000000)
  eden space 8704K, 100% used [0x00000000d5580000,0x00000000d5e00000,0x00000000d5e00000)
  from space 512K, 31% used [0x00000000d5f00000,0x00000000d5f28000,0x00000000d5f80000)
  to   space 512K, 0% used [0x00000000d5f80000,0x00000000d5f80000,0x00000000d6000000)
 ParOldGen       total 1009152K, used 1009107K [0x0000000080000000, 0x00000000bd980000, 0x00000000d5580000)
  object space 1009152K, 99% used [0x0000000080000000,0x00000000bd974ed0,0x00000000bd980000)
 Metaspace       used 86615K, committed 88320K, reserved 1179648K
  class space    used 10308K, committed 11072K, reserved 1048576K
}
Event: 1033.988 GC heap after
{Heap after GC invocations=3161 (full 5):
 PSYoungGen      total 9216K, used 256K [0x00000000d5580000, 0x00000000d6000000, 0x0000000100000000)
  eden space 8704K, 0% used [0x00000000d5580000,0x00000000d5580000,0x00000000d5e00000)
  from space 512K, 50% used [0x00000000d5f80000,0x00000000d5fc0000,0x00000000d6000000)
  to   space 512K, 0% used [0x00000000d5f00000,0x00000000d5f00000,0x00000000d5f80000)
 ParOldGen       total 1009152K, used 1009107K [0x0000000080000000, 0x00000000bd980000, 0x00000000d5580000)
  object space 1009152K, 99% used [0x0000000080000000,0x00000000bd974ed0,0x00000000bd980000)
 Metaspace       used 86615K, committed 88320K, reserved 1179648K
  class space    used 10308K, committed 11072K, reserved 1048576K
}
Event: 1237.203 GC heap before
{Heap before GC invocations=3162 (full 5):
 PSYoungGen      total 9216K, used 8960K [0x00000000d5580000, 0x00000000d6000000, 0x0000000100000000)
  eden space 8704K, 100% used [0x00000000d5580000,0x00000000d5e00000,0x00000000d5e00000)
  from space 512K, 50% used [0x00000000d5f80000,0x00000000d5fc0000,0x00000000d6000000)
  to   space 512K, 0% used [0x00000000d5f00000,0x00000000d5f00000,0x00000000d5f80000)
 ParOldGen       total 1009152K, used 1009107K [0x0000000080000000, 0x00000000bd980000, 0x00000000d5580000)
  object space 1009152K, 99% used [0x0000000080000000,0x00000000bd974ed0,0x00000000bd980000)
 Metaspace       used 86617K, committed 88320K, reserved 1179648K
  class space    used 10308K, committed 11072K, reserved 1048576K
}
Event: 1237.254 GC heap after
{Heap after GC invocations=3162 (full 5):
 PSYoungGen      total 9216K, used 192K [0x00000000d5580000, 0x00000000d6000000, 0x0000000100000000)
  eden space 8704K, 0% used [0x00000000d5580000,0x00000000d5580000,0x00000000d5e00000)
  from space 512K, 37% used [0x00000000d5f00000,0x00000000d5f30000,0x00000000d5f80000)
  to   space 512K, 0% used [0x00000000d5f80000,0x00000000d5f80000,0x00000000d6000000)
 ParOldGen       total 1009152K, used 1009107K [0x0000000080000000, 0x00000000bd980000, 0x00000000d5580000)
  object space 1009152K, 99% used [0x0000000080000000,0x00000000bd974ed0,0x00000000bd980000)
 Metaspace       used 86617K, committed 88320K, reserved 1179648K
  class space    used 10308K, committed 11072K, reserved 1048576K
}
Event: 3023.582 GC heap before
{Heap before GC invocations=3163 (full 5):
 PSYoungGen      total 9216K, used 8896K [0x00000000d5580000, 0x00000000d6000000, 0x0000000100000000)
  eden space 8704K, 100% used [0x00000000d5580000,0x00000000d5e00000,0x00000000d5e00000)
  from space 512K, 37% used [0x00000000d5f00000,0x00000000d5f30000,0x00000000d5f80000)
  to   space 512K, 0% used [0x00000000d5f80000,0x00000000d5f80000,0x00000000d6000000)
 ParOldGen       total 1009152K, used 1009107K [0x0000000080000000, 0x00000000bd980000, 0x00000000d5580000)
  object space 1009152K, 99% used [0x0000000080000000,0x00000000bd974ed0,0x00000000bd980000)
 Metaspace       used 86651K, committed 88320K, reserved 1179648K
  class space    used 10308K, committed 11072K, reserved 1048576K
}
Event: 3023.759 GC heap after
{Heap after GC invocations=3163 (full 5):
 PSYoungGen      total 9216K, used 224K [0x00000000d5580000, 0x00000000d6000000, 0x0000000100000000)
  eden space 8704K, 0% used [0x00000000d5580000,0x00000000d5580000,0x00000000d5e00000)
  from space 512K, 43% used [0x00000000d5f80000,0x00000000d5fb8000,0x00000000d6000000)
  to   space 512K, 0% used [0x00000000d5f00000,0x00000000d5f00000,0x00000000d5f80000)
 ParOldGen       total 1009664K, used 1009155K [0x0000000080000000, 0x00000000bda00000, 0x00000000d5580000)
  object space 1009664K, 99% used [0x0000000080000000,0x00000000bd980ed0,0x00000000bda00000)
 Metaspace       used 86651K, committed 88320K, reserved 1179648K
  class space    used 10308K, committed 11072K, reserved 1048576K
}
Event: 4433.336 GC heap before
{Heap before GC invocations=3164 (full 5):
 PSYoungGen      total 9216K, used 8928K [0x00000000d5580000, 0x00000000d6000000, 0x0000000100000000)
  eden space 8704K, 100% used [0x00000000d5580000,0x00000000d5e00000,0x00000000d5e00000)
  from space 512K, 43% used [0x00000000d5f80000,0x00000000d5fb8000,0x00000000d6000000)
  to   space 512K, 0% used [0x00000000d5f00000,0x00000000d5f00000,0x00000000d5f80000)
 ParOldGen       total 1009664K, used 1009155K [0x0000000080000000, 0x00000000bda00000, 0x00000000d5580000)
  object space 1009664K, 99% used [0x0000000080000000,0x00000000bd980ed0,0x00000000bda00000)
 Metaspace       used 87008K, committed 88704K, reserved 1179648K
  class space    used 10358K, committed 11136K, reserved 1048576K
}
Event: 4433.519 GC heap after
{Heap after GC invocations=3164 (full 5):
 PSYoungGen      total 9216K, used 256K [0x00000000d5580000, 0x00000000d6000000, 0x0000000100000000)
  eden space 8704K, 0% used [0x00000000d5580000,0x00000000d5580000,0x00000000d5e00000)
  from space 512K, 50% used [0x00000000d5f00000,0x00000000d5f40000,0x00000000d5f80000)
  to   space 512K, 0% used [0x00000000d5f80000,0x00000000d5f80000,0x00000000d6000000)
 ParOldGen       total 1009664K, used 1009203K [0x0000000080000000, 0x00000000bda00000, 0x00000000d5580000)
  object space 1009664K, 99% used [0x0000000080000000,0x00000000bd98ced0,0x00000000bda00000)
 Metaspace       used 87008K, committed 88704K, reserved 1179648K
  class space    used 10358K, committed 11136K, reserved 1048576K
}
Event: 6588.018 GC heap before
{Heap before GC invocations=3165 (full 5):
 PSYoungGen      total 9216K, used 8960K [0x00000000d5580000, 0x00000000d6000000, 0x0000000100000000)
  eden space 8704K, 100% used [0x00000000d5580000,0x00000000d5e00000,0x00000000d5e00000)
  from space 512K, 50% used [0x00000000d5f00000,0x00000000d5f40000,0x00000000d5f80000)
  to   space 512K, 0% used [0x00000000d5f80000,0x00000000d5f80000,0x00000000d6000000)
 ParOldGen       total 1009664K, used 1009203K [0x0000000080000000, 0x00000000bda00000, 0x00000000d5580000)
  object space 1009664K, 99% used [0x0000000080000000,0x00000000bd98ced0,0x00000000bda00000)
 Metaspace       used 87023K, committed 88704K, reserved 1179648K
  class space    used 10358K, committed 11136K, reserved 1048576K
}
Event: 6588.168 GC heap after
{Heap after GC invocations=3165 (full 5):
 PSYoungGen      total 9216K, used 224K [0x00000000d5580000, 0x00000000d6000000, 0x0000000100000000)
  eden space 8704K, 0% used [0x00000000d5580000,0x00000000d5580000,0x00000000d5e00000)
  from space 512K, 43% used [0x00000000d5f80000,0x00000000d5fb8000,0x00000000d6000000)
  to   space 512K, 0% used [0x00000000d5f00000,0x00000000d5f00000,0x00000000d5f80000)
 ParOldGen       total 1009664K, used 1009300K [0x0000000080000000, 0x00000000bda00000, 0x00000000d5580000)
  object space 1009664K, 99% used [0x0000000080000000,0x00000000bd9a5080,0x00000000bda00000)
 Metaspace       used 87023K, committed 88704K, reserved 1179648K
  class space    used 10358K, committed 11136K, reserved 1048576K
}

Dll operation events (15 events):
Event: 0.025 Loaded shared library c:\Users\78747\.vscode\extensions\redhat.java-1.47.0-win32-x64\jre\21.0.8-win32-x86_64\bin\java.dll
Event: 0.148 Loaded shared library c:\Users\78747\.vscode\extensions\redhat.java-1.47.0-win32-x64\jre\21.0.8-win32-x86_64\bin\zip.dll
Event: 0.171 Loaded shared library C:\Users\78747\.vscode\extensions\redhat.java-1.47.0-win32-x64\jre\21.0.8-win32-x86_64\bin\instrument.dll
Event: 0.179 Loaded shared library C:\Users\78747\.vscode\extensions\redhat.java-1.47.0-win32-x64\jre\21.0.8-win32-x86_64\bin\net.dll
Event: 0.182 Loaded shared library C:\Users\78747\.vscode\extensions\redhat.java-1.47.0-win32-x64\jre\21.0.8-win32-x86_64\bin\nio.dll
Event: 0.187 Loaded shared library C:\Users\78747\.vscode\extensions\redhat.java-1.47.0-win32-x64\jre\21.0.8-win32-x86_64\bin\zip.dll
Event: 0.210 Loaded shared library C:\Users\78747\.vscode\extensions\redhat.java-1.47.0-win32-x64\jre\21.0.8-win32-x86_64\bin\jimage.dll
Event: 0.407 Loaded shared library c:\Users\78747\.vscode\extensions\redhat.java-1.47.0-win32-x64\jre\21.0.8-win32-x86_64\bin\verify.dll
Event: 1.748 Loaded shared library C:\Users\78747\AppData\Roaming\Code\User\globalStorage\redhat.java\1.47.0\config_win\org.eclipse.equinox.launcher\org.eclipse.equinox.launcher.win32.win32.x86_64_1.2.1400.v20250801-0854\eclipse_11916.dll
Event: 2.839 Loaded shared library C:\Users\78747\.vscode\extensions\redhat.java-1.47.0-win32-x64\jre\21.0.8-win32-x86_64\bin\management.dll
Event: 2.842 Loaded shared library C:\Users\78747\.vscode\extensions\redhat.java-1.47.0-win32-x64\jre\21.0.8-win32-x86_64\bin\management_ext.dll
Event: 4.397 Loaded shared library C:\Users\78747\AppData\Local\Temp\jna-52516473\jna361889197341069353.dll
Event: 4.582 Loaded shared library C:\Users\78747\.vscode\extensions\redhat.java-1.47.0-win32-x64\jre\21.0.8-win32-x86_64\bin\sunmscapi.dll
Event: 5.679 Loaded shared library C:\Users\78747\.vscode\extensions\redhat.java-1.47.0-win32-x64\jre\21.0.8-win32-x86_64\bin\extnet.dll
Event: 13.578 Loaded shared library C:\Users\78747\.gradle\native\1def1411415f61bf3af743bc5b6707747c0891f09f0c88961ee8f79bc544acac\windows-amd64\native-platform.dll

Deoptimization events (20 events):
Event: 4433.186 Thread 0x00000198c9c8bf30 Uncommon trap: trap_request=0xffffffc6 fr.pc=0x00000198f4254c14 relative=0x00000000000001f4
Event: 4433.186 Thread 0x00000198c9c8bf30 Uncommon trap: reason=bimorphic_or_optimized_type_check action=maybe_recompile pc=0x00000198f4254c14 method=java.util.Collections.eq(Ljava/lang/Object;Ljava/lang/Object;)Z @ 18 c2
Event: 4433.186 Thread 0x00000198c9c8bf30 DEOPT PACKING pc=0x00000198f4254c14 sp=0x00000062e30fdfc0
Event: 4433.187 Thread 0x00000198c9c8bf30 DEOPT UNPACKING pc=0x00000198f3b83aa2 sp=0x00000062e30fdf00 mode 2
Event: 4433.189 Thread 0x00000198c9c8bf30 Uncommon trap: trap_request=0xffffffc6 fr.pc=0x00000198f4254c14 relative=0x00000000000001f4
Event: 4433.189 Thread 0x00000198c9c8bf30 Uncommon trap: reason=bimorphic_or_optimized_type_check action=maybe_recompile pc=0x00000198f4254c14 method=java.util.Collections.eq(Ljava/lang/Object;Ljava/lang/Object;)Z @ 18 c2
Event: 4433.189 Thread 0x00000198c9c8bf30 DEOPT PACKING pc=0x00000198f4254c14 sp=0x00000062e30fe120
Event: 4433.189 Thread 0x00000198c9c8bf30 DEOPT UNPACKING pc=0x00000198f3b83aa2 sp=0x00000062e30fe060 mode 2
Event: 4433.293 Thread 0x00000198c9c8bf30 Uncommon trap: trap_request=0xffffff45 fr.pc=0x00000198f47354c4 relative=0x00000000000016c4
Event: 4433.293 Thread 0x00000198c9c8bf30 Uncommon trap: reason=unstable_if action=reinterpret pc=0x00000198f47354c4 method=java.lang.String.<init>(Ljava/nio/charset/Charset;[BII)V @ 362 c2
Event: 4433.294 Thread 0x00000198c9c8bf30 DEOPT PACKING pc=0x00000198f47354c4 sp=0x00000062e30fe1f0
Event: 4433.294 Thread 0x00000198c9c8bf30 DEOPT UNPACKING pc=0x00000198f3b83aa2 sp=0x00000062e30fe1d8 mode 2
Event: 4446.084 Thread 0x00000198c9c8bf30 Uncommon trap: trap_request=0xffffffc6 fr.pc=0x00000198f4254c14 relative=0x00000000000001f4
Event: 4446.084 Thread 0x00000198c9c8bf30 Uncommon trap: reason=bimorphic_or_optimized_type_check action=maybe_recompile pc=0x00000198f4254c14 method=java.util.Collections.eq(Ljava/lang/Object;Ljava/lang/Object;)Z @ 18 c2
Event: 4446.084 Thread 0x00000198c9c8bf30 DEOPT PACKING pc=0x00000198f4254c14 sp=0x00000062e30fdfc0
Event: 4446.084 Thread 0x00000198c9c8bf30 DEOPT UNPACKING pc=0x00000198f3b83aa2 sp=0x00000062e30fdf00 mode 2
Event: 4446.084 Thread 0x00000198c9c8bf30 Uncommon trap: trap_request=0xffffffc6 fr.pc=0x00000198f4254c14 relative=0x00000000000001f4
Event: 4446.084 Thread 0x00000198c9c8bf30 Uncommon trap: reason=bimorphic_or_optimized_type_check action=maybe_recompile pc=0x00000198f4254c14 method=java.util.Collections.eq(Ljava/lang/Object;Ljava/lang/Object;)Z @ 18 c2
Event: 4446.084 Thread 0x00000198c9c8bf30 DEOPT PACKING pc=0x00000198f4254c14 sp=0x00000062e30fe120
Event: 4446.085 Thread 0x00000198c9c8bf30 DEOPT UNPACKING pc=0x00000198f3b83aa2 sp=0x00000062e30fe060 mode 2

Classes loaded (20 events):
Event: 1028.317 Loading class java/util/stream/ReferencePipeline$4$1
Event: 1028.317 Loading class java/util/stream/ReferencePipeline$4$1 done
Event: 1029.084 Loading class sun/nio/cs/ThreadLocalCoders
Event: 1029.085 Loading class sun/nio/cs/ThreadLocalCoders done
Event: 1029.085 Loading class sun/nio/cs/ThreadLocalCoders$1
Event: 1029.085 Loading class sun/nio/cs/ThreadLocalCoders$Cache
Event: 1029.085 Loading class sun/nio/cs/ThreadLocalCoders$Cache done
Event: 1029.085 Loading class sun/nio/cs/ThreadLocalCoders$1 done
Event: 1029.085 Loading class sun/nio/cs/ThreadLocalCoders$2
Event: 1029.085 Loading class sun/nio/cs/ThreadLocalCoders$2 done
Event: 1030.370 Loading class java/util/stream/ReduceOps$4
Event: 1030.370 Loading class java/util/stream/ReduceOps$4 done
Event: 1030.370 Loading class java/util/stream/ReduceOps$4ReducingSink
Event: 1030.371 Loading class java/util/stream/ReduceOps$4ReducingSink done
Event: 1030.372 Loading class java/nio/file/Files$2
Event: 1030.373 Loading class java/nio/file/Files$2 done
Event: 1030.730 Loading class java/util/Hashtable$ValueCollection
Event: 1030.731 Loading class java/util/Hashtable$ValueCollection done
Event: 4433.088 Loading class java/io/SequenceInputStream
Event: 4433.092 Loading class java/io/SequenceInputStream done

Classes unloaded (7 events):
Event: 3.477 Thread 0x00000198805a2530 Unloading class 0x00000198821a5000 'java/lang/invoke/LambdaForm$MH+0x00000198821a5000'
Event: 3.477 Thread 0x00000198805a2530 Unloading class 0x00000198821a4c00 'java/lang/invoke/LambdaForm$MH+0x00000198821a4c00'
Event: 3.477 Thread 0x00000198805a2530 Unloading class 0x00000198821a4800 'java/lang/invoke/LambdaForm$MH+0x00000198821a4800'
Event: 3.477 Thread 0x00000198805a2530 Unloading class 0x00000198821a4400 'java/lang/invoke/LambdaForm$MH+0x00000198821a4400'
Event: 3.477 Thread 0x00000198805a2530 Unloading class 0x00000198821a4000 'java/lang/invoke/LambdaForm$BMH+0x00000198821a4000'
Event: 3.477 Thread 0x00000198805a2530 Unloading class 0x00000198821a3c00 'java/lang/invoke/LambdaForm$DMH+0x00000198821a3c00'
Event: 3.477 Thread 0x00000198805a2530 Unloading class 0x00000198821a2800 'java/lang/invoke/LambdaForm$DMH+0x00000198821a2800'

Classes redefined (0 events):
No events

Internal exceptions (20 events):
Event: 1326.422 Thread 0x00000198c7db26f0 Exception <a 'sun/nio/fs/WindowsException'{0x00000000d56a04d0}> (0x00000000d56a04d0) 
thrown [s\src\hotspot\share\prims\jni.cpp, line 520]
Event: 4432.454 Thread 0x00000198c9c8bf30 Exception <a 'java/lang/NoSuchMethodError'{0x00000000d5bb7e30}: 'java.lang.Object java.lang.invoke.DirectMethodHandle$Holder.invokeStatic(java.lang.Object, java.lang.Object, int, java.lang.Object)'> (0x00000000d5bb7e30) 
thrown [s\src\hotspot\share\interpreter\linkResolver.cpp, line 773]
Event: 4733.599 Thread 0x00000198c7db26f0 Exception <a 'sun/nio/fs/WindowsException'{0x00000000d586be20}> (0x00000000d586be20) 
thrown [s\src\hotspot\share\prims\jni.cpp, line 520]
Event: 4733.600 Thread 0x00000198c7db26f0 Exception <a 'sun/nio/fs/WindowsException'{0x00000000d586c7e0}> (0x00000000d586c7e0) 
thrown [s\src\hotspot\share\prims\jni.cpp, line 520]
Event: 4733.602 Thread 0x00000198c7db26f0 Exception <a 'sun/nio/fs/WindowsException'{0x00000000d5876a18}> (0x00000000d5876a18) 
thrown [s\src\hotspot\share\prims\jni.cpp, line 520]
Event: 4733.602 Thread 0x00000198c7db26f0 Exception <a 'sun/nio/fs/WindowsException'{0x00000000d58773d8}> (0x00000000d58773d8) 
thrown [s\src\hotspot\share\prims\jni.cpp, line 520]
Event: 4733.602 Thread 0x00000198c7db26f0 Exception <a 'sun/nio/fs/WindowsException'{0x00000000d5878ef0}> (0x00000000d5878ef0) 
thrown [s\src\hotspot\share\prims\jni.cpp, line 520]
Event: 4733.602 Thread 0x00000198c7db26f0 Exception <a 'sun/nio/fs/WindowsException'{0x00000000d58798b0}> (0x00000000d58798b0) 
thrown [s\src\hotspot\share\prims\jni.cpp, line 520]
Event: 4733.603 Thread 0x00000198c7db26f0 Exception <a 'sun/nio/fs/WindowsException'{0x00000000d587b390}> (0x00000000d587b390) 
thrown [s\src\hotspot\share\prims\jni.cpp, line 520]
Event: 4733.603 Thread 0x00000198c7db26f0 Exception <a 'sun/nio/fs/WindowsException'{0x00000000d587bd50}> (0x00000000d587bd50) 
thrown [s\src\hotspot\share\prims\jni.cpp, line 520]
Event: 4733.604 Thread 0x00000198c7db26f0 Exception <a 'sun/nio/fs/WindowsException'{0x00000000d587d828}> (0x00000000d587d828) 
thrown [s\src\hotspot\share\prims\jni.cpp, line 520]
Event: 4733.604 Thread 0x00000198c7db26f0 Exception <a 'sun/nio/fs/WindowsException'{0x00000000d587e1e8}> (0x00000000d587e1e8) 
thrown [s\src\hotspot\share\prims\jni.cpp, line 520]
Event: 4733.605 Thread 0x00000198c7db26f0 Exception <a 'sun/nio/fs/WindowsException'{0x00000000d587fa00}> (0x00000000d587fa00) 
thrown [s\src\hotspot\share\prims\jni.cpp, line 520]
Event: 4733.605 Thread 0x00000198c7db26f0 Exception <a 'sun/nio/fs/WindowsException'{0x00000000d58802c8}> (0x00000000d58802c8) 
thrown [s\src\hotspot\share\prims\jni.cpp, line 520]
Event: 4733.613 Thread 0x00000198c7db26f0 Exception <a 'sun/nio/fs/WindowsException'{0x00000000d58aa8a8}> (0x00000000d58aa8a8) 
thrown [s\src\hotspot\share\prims\jni.cpp, line 520]
Event: 4733.613 Thread 0x00000198c7db26f0 Exception <a 'sun/nio/fs/WindowsException'{0x00000000d58ab170}> (0x00000000d58ab170) 
thrown [s\src\hotspot\share\prims\jni.cpp, line 520]
Event: 4733.616 Thread 0x00000198c7db26f0 Exception <a 'sun/nio/fs/WindowsException'{0x00000000d58adef8}> (0x00000000d58adef8) 
thrown [s\src\hotspot\share\prims\jni.cpp, line 520]
Event: 4733.616 Thread 0x00000198c7db26f0 Exception <a 'sun/nio/fs/WindowsException'{0x00000000d58ae7c0}> (0x00000000d58ae7c0) 
thrown [s\src\hotspot\share\prims\jni.cpp, line 520]
Event: 4733.618 Thread 0x00000198c7db26f0 Exception <a 'sun/nio/fs/WindowsException'{0x00000000d58aff88}> (0x00000000d58aff88) 
thrown [s\src\hotspot\share\prims\jni.cpp, line 520]
Event: 4733.618 Thread 0x00000198c7db26f0 Exception <a 'sun/nio/fs/WindowsException'{0x00000000d58b0850}> (0x00000000d58b0850) 
thrown [s\src\hotspot\share\prims\jni.cpp, line 520]

ZGC Phase Switch (0 events):
No events

VM Operations (20 events):
Event: 11186.856 Executing VM operation: HandshakeAllThreads (HandshakeForDeflation)
Event: 11186.856 Executing VM operation: HandshakeAllThreads (HandshakeForDeflation) done
Event: 11186.856 Executing VM operation: RendezvousGCThreads
Event: 11186.856 Executing VM operation: RendezvousGCThreads done
Event: 11246.993 Executing VM operation: HandshakeAllThreads (HandshakeForDeflation)
Event: 11246.993 Executing VM operation: HandshakeAllThreads (HandshakeForDeflation) done
Event: 11246.993 Executing VM operation: RendezvousGCThreads
Event: 11246.993 Executing VM operation: RendezvousGCThreads done
Event: 11307.124 Executing VM operation: HandshakeAllThreads (HandshakeForDeflation)
Event: 11307.124 Executing VM operation: HandshakeAllThreads (HandshakeForDeflation) done
Event: 11307.124 Executing VM operation: RendezvousGCThreads
Event: 11307.124 Executing VM operation: RendezvousGCThreads done
Event: 11427.415 Executing VM operation: HandshakeAllThreads (HandshakeForDeflation)
Event: 11427.415 Executing VM operation: HandshakeAllThreads (HandshakeForDeflation) done
Event: 11427.415 Executing VM operation: RendezvousGCThreads
Event: 11427.415 Executing VM operation: RendezvousGCThreads done
Event: 11487.553 Executing VM operation: HandshakeAllThreads (HandshakeForDeflation)
Event: 11487.553 Executing VM operation: HandshakeAllThreads (HandshakeForDeflation) done
Event: 11487.553 Executing VM operation: RendezvousGCThreads
Event: 11487.553 Executing VM operation: RendezvousGCThreads done

Memory protections (0 events):
No events

Nmethod flushes (20 events):
Event: 109.094 Thread 0x00000198805a2530 flushing  nmethod 0x00000198edce3b90
Event: 109.094 Thread 0x00000198805a2530 flushing  nmethod 0x00000198edce3f90
Event: 109.094 Thread 0x00000198805a2530 flushing  nmethod 0x00000198edce5710
Event: 109.094 Thread 0x00000198805a2530 flushing  nmethod 0x00000198edce7110
Event: 109.094 Thread 0x00000198805a2530 flushing  nmethod 0x00000198edce8910
Event: 109.094 Thread 0x00000198805a2530 flushing  nmethod 0x00000198edce8d10
Event: 109.094 Thread 0x00000198805a2530 flushing  nmethod 0x00000198edce9c10
Event: 109.094 Thread 0x00000198805a2530 flushing  nmethod 0x00000198edceae90
Event: 109.094 Thread 0x00000198805a2530 flushing  nmethod 0x00000198edced290
Event: 109.094 Thread 0x00000198805a2530 flushing  nmethod 0x00000198edcf5c10
Event: 109.094 Thread 0x00000198805a2530 flushing  nmethod 0x00000198edcfa490
Event: 109.094 Thread 0x00000198805a2530 flushing  nmethod 0x00000198edd07290
Event: 109.094 Thread 0x00000198805a2530 flushing  nmethod 0x00000198edd09b10
Event: 109.094 Thread 0x00000198805a2530 flushing  nmethod 0x00000198edd0dc90
Event: 109.094 Thread 0x00000198805a2530 flushing  nmethod 0x00000198edd10910
Event: 109.094 Thread 0x00000198805a2530 flushing  nmethod 0x00000198edd11e90
Event: 109.094 Thread 0x00000198805a2530 flushing osr nmethod 0x00000198edd13810
Event: 109.094 Thread 0x00000198805a2530 flushing  nmethod 0x00000198edd1a590
Event: 109.094 Thread 0x00000198805a2530 flushing  nmethod 0x00000198edd20d90
Event: 109.094 Thread 0x00000198805a2530 flushing  nmethod 0x00000198edd31910

Events (20 events):
Event: 1330.316 Thread 0x00000198cf5bdb10 Thread exited: 0x00000198cf5bdb10
Event: 1330.318 Thread 0x00000198cf5be830 Thread exited: 0x00000198cf5be830
Event: 1330.318 Thread 0x00000198cc12c6e0 Thread exited: 0x00000198cc12c6e0
Event: 1332.185 Thread 0x00000198cf5bc0d0 Thread exited: 0x00000198cf5bc0d0
Event: 4733.588 Thread 0x00000198c7db26f0 Thread added: 0x00000198cc12da90
Event: 4733.591 Thread 0x00000198cc12da90 Thread exited: 0x00000198cc12da90
Event: 4733.622 Thread 0x00000198c7db26f0 Thread added: 0x00000198cc12c6e0
Event: 4733.623 Thread 0x00000198cc12c6e0 Thread added: 0x00000198cc12d400
Event: 4733.624 Thread 0x00000198cc12c6e0 Thread added: 0x00000198cc1301f0
Event: 4733.624 Thread 0x00000198cc12c6e0 Thread added: 0x00000198cc130f10
Event: 4733.624 Thread 0x00000198cc12c6e0 Thread added: 0x00000198cc12da90
Event: 4733.625 Thread 0x00000198cc12d400 Thread added: 0x00000198cc1315a0
Event: 4733.625 Thread 0x00000198cc12c6e0 Thread added: 0x00000198cc12e7b0
Event: 4733.626 Thread 0x00000198cc1315a0 Thread exited: 0x00000198cc1315a0
Event: 4733.626 Thread 0x00000198cc12c6e0 Thread exited: 0x00000198cc12c6e0
Event: 4733.627 Thread 0x00000198cc12e7b0 Thread exited: 0x00000198cc12e7b0
Event: 4733.627 Thread 0x00000198cc130f10 Thread exited: 0x00000198cc130f10
Event: 4733.627 Thread 0x00000198cc12da90 Thread exited: 0x00000198cc12da90
Event: 4733.627 Thread 0x00000198cc12d400 Thread exited: 0x00000198cc12d400
Event: 4733.627 Thread 0x00000198cc1301f0 Thread exited: 0x00000198cc1301f0


Dynamic libraries:
0x00007ff635750000 - 0x00007ff63575e000 	c:\Users\78747\.vscode\extensions\redhat.java-1.47.0-win32-x64\jre\21.0.8-win32-x86_64\bin\java.exe
0x00007ffa1fce0000 - 0x00007ffa1ff48000 	C:\WINDOWS\SYSTEM32\ntdll.dll
0x00007ffa1e790000 - 0x00007ffa1e859000 	C:\WINDOWS\System32\KERNEL32.DLL
0x00007ffa1d370000 - 0x00007ffa1d768000 	C:\WINDOWS\System32\KERNELBASE.dll
0x00007ffa1d770000 - 0x00007ffa1d8bb000 	C:\WINDOWS\System32\ucrtbase.dll
0x00007ffa047d0000 - 0x00007ffa047e8000 	c:\Users\78747\.vscode\extensions\redhat.java-1.47.0-win32-x64\jre\21.0.8-win32-x86_64\bin\jli.dll
0x00007ffa1f5b0000 - 0x00007ffa1f777000 	C:\WINDOWS\System32\USER32.dll
0x00007ffa1d120000 - 0x00007ffa1d147000 	C:\WINDOWS\System32\win32u.dll
0x00007ffa1dca0000 - 0x00007ffa1dccb000 	C:\WINDOWS\System32\GDI32.dll
0x00007ffa1d950000 - 0x00007ffa1da7c000 	C:\WINDOWS\System32\gdi32full.dll
0x00007ffa1d150000 - 0x00007ffa1d1f3000 	C:\WINDOWS\System32\msvcp_win.dll
0x00007ffa06c20000 - 0x00007ffa06eb4000 	C:\WINDOWS\WinSxS\amd64_microsoft.windows.common-controls_6595b64144ccf1df_6.0.26100.7019_none_3e06ffa0e335b8a8\COMCTL32.dll
0x00007ffa1e6e0000 - 0x00007ffa1e789000 	C:\WINDOWS\System32\msvcrt.dll
0x00007ffa047b0000 - 0x00007ffa047ce000 	c:\Users\78747\.vscode\extensions\redhat.java-1.47.0-win32-x64\jre\21.0.8-win32-x86_64\bin\VCRUNTIME140.dll
0x00007ffa1f0e0000 - 0x00007ffa1f111000 	C:\WINDOWS\System32\IMM32.DLL
0x00007ffa128e0000 - 0x00007ffa128ec000 	c:\Users\78747\.vscode\extensions\redhat.java-1.47.0-win32-x64\jre\21.0.8-win32-x86_64\bin\vcruntime140_1.dll
0x00007ff9c5b20000 - 0x00007ff9c5bad000 	c:\Users\78747\.vscode\extensions\redhat.java-1.47.0-win32-x64\jre\21.0.8-win32-x86_64\bin\msvcp140.dll
0x00007ff960940000 - 0x00007ff9616d7000 	c:\Users\78747\.vscode\extensions\redhat.java-1.47.0-win32-x64\jre\21.0.8-win32-x86_64\bin\server\jvm.dll
0x00007ffa1e860000 - 0x00007ffa1e914000 	C:\WINDOWS\System32\ADVAPI32.dll
0x00007ffa1f850000 - 0x00007ffa1f8f6000 	C:\WINDOWS\System32\sechost.dll
0x00007ffa1db00000 - 0x00007ffa1dc18000 	C:\WINDOWS\System32\RPCRT4.dll
0x00007ffa1f530000 - 0x00007ffa1f5a4000 	C:\WINDOWS\System32\WS2_32.dll
0x00007ffa1cc90000 - 0x00007ffa1ccee000 	C:\WINDOWS\SYSTEM32\POWRPROF.dll
0x00007ffa0a480000 - 0x00007ffa0a4b5000 	C:\WINDOWS\SYSTEM32\WINMM.dll
0x00007ffa12330000 - 0x00007ffa1233b000 	C:\WINDOWS\SYSTEM32\VERSION.dll
0x00007ffa1cc70000 - 0x00007ffa1cc84000 	C:\WINDOWS\SYSTEM32\UMPDC.dll
0x00007ffa1bbc0000 - 0x00007ffa1bbdb000 	C:\WINDOWS\SYSTEM32\kernel.appcore.dll
0x00007ffa0dd30000 - 0x00007ffa0dd3a000 	c:\Users\78747\.vscode\extensions\redhat.java-1.47.0-win32-x64\jre\21.0.8-win32-x86_64\bin\jimage.dll
0x00007ffa1a530000 - 0x00007ffa1a772000 	C:\WINDOWS\SYSTEM32\DBGHELP.DLL
0x00007ffa1f900000 - 0x00007ffa1fc8b000 	C:\WINDOWS\System32\combase.dll
0x00007ffa1e600000 - 0x00007ffa1e6d7000 	C:\WINDOWS\System32\OLEAUT32.dll
0x00007ff9f4bf0000 - 0x00007ff9f4c2c000 	C:\WINDOWS\SYSTEM32\dbgcore.DLL
0x00007ffa1d070000 - 0x00007ffa1d115000 	C:\WINDOWS\System32\bcryptPrimitives.dll
0x00007ffa0d5f0000 - 0x00007ffa0d5ff000 	c:\Users\78747\.vscode\extensions\redhat.java-1.47.0-win32-x64\jre\21.0.8-win32-x86_64\bin\instrument.dll
0x00007ffa03340000 - 0x00007ffa0335f000 	c:\Users\78747\.vscode\extensions\redhat.java-1.47.0-win32-x64\jre\21.0.8-win32-x86_64\bin\java.dll
0x00007ffa1e980000 - 0x00007ffa1f0cf000 	C:\WINDOWS\System32\SHELL32.dll
0x00007ffa1d200000 - 0x00007ffa1d36b000 	C:\WINDOWS\System32\wintypes.dll
0x00007ffa1aa30000 - 0x00007ffa1b28d000 	C:\WINDOWS\SYSTEM32\windows.storage.dll
0x00007ffa1f120000 - 0x00007ffa1f212000 	C:\WINDOWS\System32\SHCORE.dll
0x00007ffa1f400000 - 0x00007ffa1f467000 	C:\WINDOWS\System32\shlwapi.dll
0x00007ffa1cd50000 - 0x00007ffa1cd79000 	C:\WINDOWS\SYSTEM32\profapi.dll
0x00007ff9ffc90000 - 0x00007ff9ffca8000 	c:\Users\78747\.vscode\extensions\redhat.java-1.47.0-win32-x64\jre\21.0.8-win32-x86_64\bin\zip.dll
0x00007ffa0daf0000 - 0x00007ffa0db00000 	C:\Users\78747\.vscode\extensions\redhat.java-1.47.0-win32-x64\jre\21.0.8-win32-x86_64\bin\net.dll
0x00007ffa12f40000 - 0x00007ffa13068000 	C:\WINDOWS\SYSTEM32\WINHTTP.dll
0x00007ffa1c160000 - 0x00007ffa1c1cb000 	C:\WINDOWS\system32\mswsock.dll
0x00007ff9fd170000 - 0x00007ff9fd186000 	C:\Users\78747\.vscode\extensions\redhat.java-1.47.0-win32-x64\jre\21.0.8-win32-x86_64\bin\nio.dll
0x00007ffa04980000 - 0x00007ffa04990000 	c:\Users\78747\.vscode\extensions\redhat.java-1.47.0-win32-x64\jre\21.0.8-win32-x86_64\bin\verify.dll
0x00007ffa0d300000 - 0x00007ffa0d344000 	C:\Users\78747\AppData\Roaming\Code\User\globalStorage\redhat.java\1.47.0\config_win\org.eclipse.equinox.launcher\org.eclipse.equinox.launcher.win32.win32.x86_64_1.2.1400.v20250801-0854\eclipse_11916.dll
0x00007ffa1dd20000 - 0x00007ffa1deb7000 	C:\WINDOWS\System32\ole32.dll
0x00007ffa12ea0000 - 0x00007ffa12eaa000 	C:\Users\78747\.vscode\extensions\redhat.java-1.47.0-win32-x64\jre\21.0.8-win32-x86_64\bin\management.dll
0x00007ffa12e90000 - 0x00007ffa12e9b000 	C:\Users\78747\.vscode\extensions\redhat.java-1.47.0-win32-x64\jre\21.0.8-win32-x86_64\bin\management_ext.dll
0x00007ffa1f840000 - 0x00007ffa1f848000 	C:\WINDOWS\System32\PSAPI.DLL
0x00007ffa1c420000 - 0x00007ffa1c43b000 	C:\WINDOWS\SYSTEM32\CRYPTSP.dll
0x00007ffa1bb20000 - 0x00007ffa1bb5a000 	C:\WINDOWS\system32\rsaenh.dll
0x00007ffa1c210000 - 0x00007ffa1c23b000 	C:\WINDOWS\SYSTEM32\USERENV.dll
0x00007ffa1cd20000 - 0x00007ffa1cd4a000 	C:\WINDOWS\SYSTEM32\bcrypt.dll
0x00007ffa1c440000 - 0x00007ffa1c44c000 	C:\WINDOWS\SYSTEM32\CRYPTBASE.dll
0x00007ffa1b5a0000 - 0x00007ffa1b5d4000 	C:\WINDOWS\SYSTEM32\IPHLPAPI.DLL
0x00007ffa1f810000 - 0x00007ffa1f81a000 	C:\WINDOWS\System32\NSI.dll
0x00007ff9fa0b0000 - 0x00007ff9fa0f9000 	C:\Users\78747\AppData\Local\Temp\jna-52516473\jna361889197341069353.dll
0x00007ffa12d50000 - 0x00007ffa12d6e000 	C:\WINDOWS\SYSTEM32\dhcpcsvc6.DLL
0x00007ffa12d20000 - 0x00007ffa12d43000 	C:\WINDOWS\SYSTEM32\dhcpcsvc.DLL
0x00007ffa12c80000 - 0x00007ffa12c8e000 	C:\Users\78747\.vscode\extensions\redhat.java-1.47.0-win32-x64\jre\21.0.8-win32-x86_64\bin\sunmscapi.dll
0x00007ffa1cef0000 - 0x00007ffa1d067000 	C:\WINDOWS\System32\CRYPT32.dll
0x00007ffa1c640000 - 0x00007ffa1c670000 	C:\WINDOWS\SYSTEM32\ncrypt.dll
0x00007ffa1c5f0000 - 0x00007ffa1c62f000 	C:\WINDOWS\SYSTEM32\NTASN1.dll
0x00007ffa1b630000 - 0x00007ffa1b75c000 	C:\WINDOWS\SYSTEM32\DNSAPI.dll
0x00007ffa16f60000 - 0x00007ffa16f6b000 	C:\Windows\System32\rasadhlp.dll
0x00007ffa0ee60000 - 0x00007ffa0eee6000 	C:\WINDOWS\System32\fwpuclnt.dll
0x00007ffa12c70000 - 0x00007ffa12c79000 	C:\Users\78747\.vscode\extensions\redhat.java-1.47.0-win32-x64\jre\21.0.8-win32-x86_64\bin\extnet.dll
0x00007ffa12ab0000 - 0x00007ffa12ad7000 	C:\Users\78747\.gradle\native\1def1411415f61bf3af743bc5b6707747c0891f09f0c88961ee8f79bc544acac\windows-amd64\native-platform.dll
0x00007ffa03020000 - 0x00007ffa03028000 	C:\WINDOWS\system32\wshunix.dll

JVMTI agents:
c:\Users\78747\.vscode\extensions\redhat.java-1.47.0-win32-x64\lombok\lombok-1.18.39-4050.jar path:c:\Users\78747\.vscode\extensions\redhat.java-1.47.0-win32-x64\jre\21.0.8-win32-x86_64\bin\instrument.dll, loaded, initialized, instrumentlib options:none

dbghelp: loaded successfully - version: 4.0.5 - missing functions: none
symbol engine: initialized successfully - sym options: 0x614 - pdb path: .;c:\Users\78747\.vscode\extensions\redhat.java-1.47.0-win32-x64\jre\21.0.8-win32-x86_64\bin;C:\WINDOWS\SYSTEM32;C:\WINDOWS\WinSxS\amd64_microsoft.windows.common-controls_6595b64144ccf1df_6.0.26100.7019_none_3e06ffa0e335b8a8;c:\Users\78747\.vscode\extensions\redhat.java-1.47.0-win32-x64\jre\21.0.8-win32-x86_64\bin\server;C:\Users\78747\AppData\Roaming\Code\User\globalStorage\redhat.java\1.47.0\config_win\org.eclipse.equinox.launcher\org.eclipse.equinox.launcher.win32.win32.x86_64_1.2.1400.v20250801-0854;C:\Users\78747\AppData\Local\Temp\jna-52516473;C:\Users\78747\.gradle\native\1def1411415f61bf3af743bc5b6707747c0891f09f0c88961ee8f79bc544acac\windows-amd64

VM Arguments:
jvm_args: --add-modules=ALL-SYSTEM --add-opens=java.base/java.util=ALL-UNNAMED --add-opens=java.base/java.lang=ALL-UNNAMED --add-opens=java.base/sun.nio.fs=ALL-UNNAMED -Declipse.application=org.eclipse.jdt.ls.core.id1 -Dosgi.bundles.defaultStartLevel=4 -Declipse.product=org.eclipse.jdt.ls.core.product -Djava.import.generatesMetadataFilesAtProjectRoot=false -DDetectVMInstallationsJob.disabled=true -Dfile.encoding=utf8 -XX:+UseParallelGC -XX:GCTimeRatio=4 -XX:AdaptiveSizePolicyWeight=90 -Dsun.zip.disableMemoryMapping=true -Xmx2G -Xms100m -Xlog:disable -javaagent:c:\Users\78747\.vscode\extensions\redhat.java-1.47.0-win32-x64\lombok\lombok-1.18.39-4050.jar -XX:+HeapDumpOnOutOfMemoryError -XX:HeapDumpPath=c:\Users\78747\AppData\Roaming\Code\User\workspaceStorage\fbbe36b2f05f1eb0dd4d66b2b1bc10ba\redhat.java -Daether.dependencyCollector.impl=bf 
java_command: c:\Users\78747\.vscode\extensions\redhat.java-1.47.0-win32-x64\server\plugins\org.eclipse.equinox.launcher_1.7.100.v20251014-1222.jar -configuration c:\Users\78747\AppData\Roaming\Code\User\globalStorage\redhat.java\1.47.0\config_win -data c:\Users\78747\AppData\Roaming\Code\User\workspaceStorage\fbbe36b2f05f1eb0dd4d66b2b1bc10ba\redhat.java\jdt_ws --pipe=\\.\pipe\lsp-877dad749795d2a63f4d59224f9ee0f4-sock
java_class_path (initial): c:\Users\78747\.vscode\extensions\redhat.java-1.47.0-win32-x64\server\plugins\org.eclipse.equinox.launcher_1.7.100.v20251014-1222.jar
Launcher Type: SUN_STANDARD

[Global flags]
    uintx AdaptiveSizePolicyWeight                 = 90                                        {product} {command line}
     intx CICompilerCount                          = 4                                         {product} {ergonomic}
    uintx GCTimeRatio                              = 4                                         {product} {command line}
     bool HeapDumpOnOutOfMemoryError               = true                                   {manageable} {command line}
    ccstr HeapDumpPath                             = c:\Users\78747\AppData\Roaming\Code\User\workspaceStorage\fbbe36b2f05f1eb0dd4d66b2b1bc10ba\redhat.java         {manageable} {command line}
   size_t InitialHeapSize                          = 104857600                                 {product} {command line}
   size_t MaxHeapSize                              = 2147483648                                {product} {command line}
   size_t MaxNewSize                               = 715653120                                 {product} {ergonomic}
   size_t MinHeapDeltaBytes                        = 524288                                    {product} {ergonomic}
   size_t MinHeapSize                              = 104857600                                 {product} {command line}
   size_t NewSize                                  = 34603008                                  {product} {ergonomic}
    uintx NonNMethodCodeHeapSize                   = 5839372                                {pd product} {ergonomic}
    uintx NonProfiledCodeHeapSize                  = 122909434                              {pd product} {ergonomic}
   size_t OldSize                                  = 70254592                                  {product} {ergonomic}
    uintx ProfiledCodeHeapSize                     = 122909434                              {pd product} {ergonomic}
    uintx ReservedCodeCacheSize                    = 251658240                              {pd product} {ergonomic}
     bool SegmentedCodeCache                       = true                                      {product} {ergonomic}
   size_t SoftMaxHeapSize                          = 2147483648                             {manageable} {ergonomic}
     bool UseCompressedOops                        = true                           {product lp64_product} {ergonomic}
     bool UseLargePagesIndividualAllocation        = false                                  {pd product} {ergonomic}
     bool UseParallelGC                            = true                                      {product} {command line}

Logging:
Log output configuration:
 #0: stdout all=off uptime,level,tags foldmultilines=false
 #1: stderr all=off uptime,level,tags foldmultilines=false

Environment Variables:
JAVA_HOME=C:\Program Files\Eclipse Adoptium\jdk-17.0.17.10-hotspot
PATH=C:\Program Files\Eclipse Adoptium\jdk-17.0.17.10-hotspot\bin;C:\Program Files\Microsoft\jdk-11.0.16.101-hotspot\bin;C:\ProgramData\Oracle\Java\javapath;C:\Program Files\Common Files\Oracle\Java\javapath;C:\Program Files (x86)\Common Files\Oracle\Java\javapath;C:\Windows\system32;C:\Windows;C:\Windows\System32\Wbem;C:\Windows\System32\WindowsPowerShell\v1.0\;C:\Windows\System32\OpenSSH\;C:\Program Files (x86)\NVIDIA Corporation\PhysX\Common;C:\Program Files\NVIDIA Corporation\NVIDIA NvDLISR;C:\MinGW\bin;C:\Program Files\Git\cmd;C:\Program Files\dotnet\;C:\WINDOWS\system32;C:\WINDOWS;C:\WINDOWS\System32\Wbem;C:\WINDOWS\System32\WindowsPowerShell\v1.0\;C:\WINDOWS\System32\OpenSSH\;C:\Program Files\Java\jdk-11\bin;C:\Users\78747\AppData\Roaming\nvm;C:\Program Files\nodejs;C:\Program Files\Docker\Docker\resources\bin;C:\Program Files\Neovim\bin;C:\Program Files\Go\bin;C:\ProgramData\chocolatey\bin;C:\ProgramData\chocolatey;C:\Program Files\nodejs\;D:\terra;C:\Users\78747\AppData\Local\pnpm;C:\Users\78747\.cargo\bin;C:\Users\78747\AppData\Local\Programs\Python\Python310\Scripts\;C:\Users\78747\AppData\Local\Programs\Python\Python310\;C:\Users\78747\AppData\Local\Microsoft\WindowsApps;C:\Users\78747\AppData\Local\Programs\Microsoft VS Code\bin;C:\Users\78747\AppData\Local\Android\Sdk\platform-tools;D:\downod\flutter_windows_3.7.3-stable\flutter\bin;C:\Users\78747\AppData\Roaming\nvm;C:\Program Files\nodejs;C:\Users\78747\go\bin;D:\cursor\cursor\resources\app\bin;C:\Users\78747\AppData\Local\Google\Cloud SDK\google-cloud-sdk\bin;C:\Program Files\OpenSSL-Win64\bin;C:\Users\78747\AppData\Local\Microsoft\WinGet\Links;C:\Users\78747\AppData\Roaming\npm;C:\Program Files (x86)\Nmap;D:\terra;C:\Users\78747\AppData\Local\Programs\Antigravity\bin
USERNAME=78747
OS=Windows_NT
PROCESSOR_IDENTIFIER=Intel64 Family 6 Model 165 Stepping 2, GenuineIntel
TMP=C:\Users\78747\AppData\Local\Temp
TEMP=C:\Users\78747\AppData\Local\Temp




Periodic native trim disabled

---------------  S Y S T E M  ---------------

OS:
 Windows 11 , 64 bit Build 26100 (10.0.26100.7019)
OS uptime: 7 days 15:16 hours
Hyper-V role detected

CPU: total 8 (initial active 8) (4 cores per cpu, 2 threads per core) family 6 model 165 stepping 2 microcode 0xe0, cx8, cmov, fxsr, ht, mmx, 3dnowpref, sse, sse2, sse3, ssse3, sse4.1, sse4.2, popcnt, lzcnt, tsc, tscinvbit, avx, avx2, aes, erms, clmul, bmi1, bmi2, adx, fma, vzeroupper, clflush, clflushopt, hv, rdtscp, f16c
Processor Information for the first 8 processors :
  Max Mhz: 2496, Current Mhz: 2496, Mhz Limit: 2496

Memory: 4k page, system-wide physical 8029M (487M free)
TotalPageFile size 32605M (AvailPageFile size 53M)
current process WorkingSet (physical memory assigned to process): 11M, peak: 1772M
current process commit charge ("private bytes"): 1349M, peak: 1742M

vm_info: OpenJDK 64-Bit Server VM (21.0.8+9-LTS) for windows-amd64 JRE (21.0.8+9-LTS), built on 2025-07-15T00:00:00Z by "admin" with MS VC++ 17.7 (VS2022)

END.
